[debug] [2025-08-03T08:03:09.218Z] ----------------------------------------------------------------------
[debug] [2025-08-03T08:03:09.223Z] Command:       C:\Program Files\nodejs\node.exe C:\Users\ckkim\AppData\Roaming\npm\node_modules\firebase-tools\lib\bin\firebase.js deploy --only functions
[debug] [2025-08-03T08:03:09.223Z] CLI Version:   14.11.2
[debug] [2025-08-03T08:03:09.224Z] Platform:      win32
[debug] [2025-08-03T08:03:09.224Z] Node Version:  v22.17.0
[debug] [2025-08-03T08:03:09.224Z] Time:          Sun Aug 03 2025 17:03:09 GMT+0900 (대한민국 표준시)
[debug] [2025-08-03T08:03:09.224Z] ----------------------------------------------------------------------
[debug] 
[debug] [2025-08-03T08:03:09.513Z] > command requires scopes: ["email","openid","https://www.googleapis.com/auth/cloudplatformprojects.readonly","https://www.googleapis.com/auth/firebase","https://www.googleapis.com/auth/cloud-platform"]
[debug] [2025-08-03T08:03:09.514Z] > authorizing via signed-in user (cheolkie.kim@gmail.com)
[debug] [2025-08-03T08:03:09.514Z] [iam] checking project tennis-diary-517c4 for permissions ["cloudfunctions.functions.create","cloudfunctions.functions.delete","cloudfunctions.functions.get","cloudfunctions.functions.list","cloudfunctions.functions.update","cloudfunctions.operations.get","firebase.projects.get"]
[debug] [2025-08-03T08:03:09.516Z] Checked if tokens are valid: true, expires at: 1754209480614
[debug] [2025-08-03T08:03:09.516Z] Checked if tokens are valid: true, expires at: 1754209480614
[debug] [2025-08-03T08:03:09.517Z] >>> [apiv2][query] POST https://cloudresourcemanager.googleapis.com/v1/projects/tennis-diary-517c4:testIamPermissions [none]
[debug] [2025-08-03T08:03:09.517Z] >>> [apiv2][(partial)header] POST https://cloudresourcemanager.googleapis.com/v1/projects/tennis-diary-517c4:testIamPermissions x-goog-quota-user=projects/tennis-diary-517c4
[debug] [2025-08-03T08:03:09.518Z] >>> [apiv2][body] POST https://cloudresourcemanager.googleapis.com/v1/projects/tennis-diary-517c4:testIamPermissions {"permissions":["cloudfunctions.functions.create","cloudfunctions.functions.delete","cloudfunctions.functions.get","cloudfunctions.functions.list","cloudfunctions.functions.update","cloudfunctions.operations.get","firebase.projects.get"]}
[debug] [2025-08-03T08:03:09.826Z] <<< [apiv2][status] POST https://cloudresourcemanager.googleapis.com/v1/projects/tennis-diary-517c4:testIamPermissions 200
[debug] [2025-08-03T08:03:09.826Z] <<< [apiv2][body] POST https://cloudresourcemanager.googleapis.com/v1/projects/tennis-diary-517c4:testIamPermissions {"permissions":["cloudfunctions.functions.create","cloudfunctions.functions.delete","cloudfunctions.functions.get","cloudfunctions.functions.list","cloudfunctions.functions.update","cloudfunctions.operations.get","firebase.projects.get"]}
[debug] [2025-08-03T08:03:09.827Z] Checked if tokens are valid: true, expires at: 1754209480614
[debug] [2025-08-03T08:03:09.827Z] Checked if tokens are valid: true, expires at: 1754209480614
[debug] [2025-08-03T08:03:09.827Z] >>> [apiv2][query] POST https://iam.googleapis.com/v1/projects/tennis-diary-517c4/serviceAccounts/tennis-diary-517c4@appspot.gserviceaccount.com:testIamPermissions [none]
[debug] [2025-08-03T08:03:09.827Z] >>> [apiv2][body] POST https://iam.googleapis.com/v1/projects/tennis-diary-517c4/serviceAccounts/tennis-diary-517c4@appspot.gserviceaccount.com:testIamPermissions {"permissions":["iam.serviceAccounts.actAs"]}
[debug] [2025-08-03T08:03:10.323Z] <<< [apiv2][status] POST https://iam.googleapis.com/v1/projects/tennis-diary-517c4/serviceAccounts/tennis-diary-517c4@appspot.gserviceaccount.com:testIamPermissions 200
[debug] [2025-08-03T08:03:10.323Z] <<< [apiv2][body] POST https://iam.googleapis.com/v1/projects/tennis-diary-517c4/serviceAccounts/tennis-diary-517c4@appspot.gserviceaccount.com:testIamPermissions {"permissions":["iam.serviceAccounts.actAs"]}
[info] 
[info] === Deploying to 'tennis-diary-517c4'...
[info] 
[info] i  deploying functions 
[info] Running command: npm --prefix "$RESOURCE_DIR" run lint
[info] +  functions: Finished running predeploy script. 
[debug] [2025-08-03T08:03:19.240Z] Checked if tokens are valid: true, expires at: 1754209480614
[debug] [2025-08-03T08:03:19.240Z] Checked if tokens are valid: true, expires at: 1754209480614
[debug] [2025-08-03T08:03:19.240Z] >>> [apiv2][query] GET https://serviceusage.googleapis.com/v1/projects/tennis-diary-517c4/services/cloudresourcemanager.googleapis.com [none]
[debug] [2025-08-03T08:03:19.240Z] >>> [apiv2][(partial)header] GET https://serviceusage.googleapis.com/v1/projects/tennis-diary-517c4/services/cloudresourcemanager.googleapis.com x-goog-quota-user=projects/tennis-diary-517c4
[debug] [2025-08-03T08:03:20.604Z] <<< [apiv2][status] GET https://serviceusage.googleapis.com/v1/projects/tennis-diary-517c4/services/cloudresourcemanager.googleapis.com 200
[debug] [2025-08-03T08:03:20.605Z] <<< [apiv2][body] GET https://serviceusage.googleapis.com/v1/projects/tennis-diary-517c4/services/cloudresourcemanager.googleapis.com [omitted]
[debug] [2025-08-03T08:03:20.624Z] Checked if tokens are valid: true, expires at: 1754209480614
[debug] [2025-08-03T08:03:20.624Z] Checked if tokens are valid: true, expires at: 1754209480614
[debug] [2025-08-03T08:03:20.624Z] >>> [apiv2][query] GET https://cloudresourcemanager.googleapis.com/v1/projects/tennis-diary-517c4 [none]
[debug] [2025-08-03T08:03:20.891Z] <<< [apiv2][status] GET https://cloudresourcemanager.googleapis.com/v1/projects/tennis-diary-517c4 200
[debug] [2025-08-03T08:03:20.891Z] <<< [apiv2][body] GET https://cloudresourcemanager.googleapis.com/v1/projects/tennis-diary-517c4 {"projectNumber":"1083957835197","projectId":"tennis-diary-517c4","lifecycleState":"ACTIVE","name":"tennis-diary","labels":{"firebase":"enabled","firebase-core":"disabled"},"createTime":"2025-06-27T08:45:32.742449Z"}
[info] i  functions: preparing codebase default for deployment 
[info] i  functions: ensuring required API cloudfunctions.googleapis.com is enabled... 
[info] i  functions: ensuring required API cloudbuild.googleapis.com is enabled... 
[debug] [2025-08-03T08:03:20.904Z] Checked if tokens are valid: true, expires at: 1754209480614
[debug] [2025-08-03T08:03:20.905Z] Checked if tokens are valid: true, expires at: 1754209480614
[info] i  artifactregistry: ensuring required API artifactregistry.googleapis.com is enabled... 
[debug] [2025-08-03T08:03:20.907Z] Checked if tokens are valid: true, expires at: 1754209480614
[debug] [2025-08-03T08:03:20.908Z] Checked if tokens are valid: true, expires at: 1754209480614
[debug] [2025-08-03T08:03:20.908Z] >>> [apiv2][query] GET https://serviceusage.googleapis.com/v1/projects/tennis-diary-517c4/services/cloudbuild.googleapis.com [none]
[debug] [2025-08-03T08:03:20.909Z] >>> [apiv2][(partial)header] GET https://serviceusage.googleapis.com/v1/projects/tennis-diary-517c4/services/cloudbuild.googleapis.com x-goog-quota-user=projects/tennis-diary-517c4
[debug] [2025-08-03T08:03:20.911Z] >>> [apiv2][query] GET https://serviceusage.googleapis.com/v1/projects/tennis-diary-517c4/services/artifactregistry.googleapis.com [none]
[debug] [2025-08-03T08:03:20.911Z] >>> [apiv2][(partial)header] GET https://serviceusage.googleapis.com/v1/projects/tennis-diary-517c4/services/artifactregistry.googleapis.com x-goog-quota-user=projects/tennis-diary-517c4
[debug] [2025-08-03T08:03:21.242Z] <<< [apiv2][status] GET https://serviceusage.googleapis.com/v1/projects/tennis-diary-517c4/services/cloudbuild.googleapis.com 200
[debug] [2025-08-03T08:03:21.242Z] <<< [apiv2][body] GET https://serviceusage.googleapis.com/v1/projects/tennis-diary-517c4/services/cloudbuild.googleapis.com [omitted]
[warn] !  functions: missing required API cloudbuild.googleapis.com. Enabling now... 
[debug] [2025-08-03T08:03:21.244Z] Checked if tokens are valid: true, expires at: 1754209480614
[debug] [2025-08-03T08:03:21.245Z] Checked if tokens are valid: true, expires at: 1754209480614
[debug] [2025-08-03T08:03:21.245Z] >>> [apiv2][query] POST https://serviceusage.googleapis.com/v1/projects/tennis-diary-517c4/services/cloudbuild.googleapis.com:enable [none]
[debug] [2025-08-03T08:03:21.245Z] >>> [apiv2][(partial)header] POST https://serviceusage.googleapis.com/v1/projects/tennis-diary-517c4/services/cloudbuild.googleapis.com:enable x-goog-quota-user=projects/tennis-diary-517c4
[debug] [2025-08-03T08:03:21.454Z] <<< [apiv2][status] GET https://serviceusage.googleapis.com/v1/projects/tennis-diary-517c4/services/artifactregistry.googleapis.com 200
[debug] [2025-08-03T08:03:21.455Z] <<< [apiv2][body] GET https://serviceusage.googleapis.com/v1/projects/tennis-diary-517c4/services/artifactregistry.googleapis.com [omitted]
[warn] !  artifactregistry: missing required API artifactregistry.googleapis.com. Enabling now... 
[debug] [2025-08-03T08:03:21.456Z] Checked if tokens are valid: true, expires at: 1754209480614
[debug] [2025-08-03T08:03:21.456Z] Checked if tokens are valid: true, expires at: 1754209480614
[debug] [2025-08-03T08:03:21.456Z] >>> [apiv2][query] POST https://serviceusage.googleapis.com/v1/projects/tennis-diary-517c4/services/artifactregistry.googleapis.com:enable [none]
[debug] [2025-08-03T08:03:21.457Z] >>> [apiv2][(partial)header] POST https://serviceusage.googleapis.com/v1/projects/tennis-diary-517c4/services/artifactregistry.googleapis.com:enable x-goog-quota-user=projects/tennis-diary-517c4
[debug] [2025-08-03T08:03:21.921Z] <<< [apiv2][status] POST https://serviceusage.googleapis.com/v1/projects/tennis-diary-517c4/services/artifactregistry.googleapis.com:enable 200
[debug] [2025-08-03T08:03:21.921Z] <<< [apiv2][body] POST https://serviceusage.googleapis.com/v1/projects/tennis-diary-517c4/services/artifactregistry.googleapis.com:enable [omitted]
[debug] [2025-08-03T08:03:22.156Z] <<< [apiv2][status] POST https://serviceusage.googleapis.com/v1/projects/tennis-diary-517c4/services/cloudbuild.googleapis.com:enable 200
[debug] [2025-08-03T08:03:22.156Z] <<< [apiv2][body] POST https://serviceusage.googleapis.com/v1/projects/tennis-diary-517c4/services/cloudbuild.googleapis.com:enable [omitted]
[debug] [2025-08-03T08:03:32.181Z] Checked if tokens are valid: true, expires at: 1754209480614
[debug] [2025-08-03T08:03:32.181Z] Checked if tokens are valid: true, expires at: 1754209480614
[debug] [2025-08-03T08:03:32.181Z] >>> [apiv2][query] GET https://firebase.googleapis.com/v1beta1/projects/tennis-diary-517c4/adminSdkConfig [none]
[debug] [2025-08-03T08:03:33.228Z] <<< [apiv2][status] GET https://firebase.googleapis.com/v1beta1/projects/tennis-diary-517c4/adminSdkConfig 200
[debug] [2025-08-03T08:03:33.228Z] <<< [apiv2][body] GET https://firebase.googleapis.com/v1beta1/projects/tennis-diary-517c4/adminSdkConfig {"projectId":"tennis-diary-517c4","storageBucket":"tennis-diary-517c4.firebasestorage.app"}
[debug] [2025-08-03T08:03:33.230Z] Checked if tokens are valid: true, expires at: 1754209480614
[debug] [2025-08-03T08:03:33.230Z] Checked if tokens are valid: true, expires at: 1754209480614
[debug] [2025-08-03T08:03:33.230Z] >>> [apiv2][query] GET https://runtimeconfig.googleapis.com/v1beta1/projects/tennis-diary-517c4/configs [none]
[debug] [2025-08-03T08:03:33.655Z] <<< [apiv2][status] GET https://runtimeconfig.googleapis.com/v1beta1/projects/tennis-diary-517c4/configs 200
[debug] [2025-08-03T08:03:33.656Z] <<< [apiv2][body] GET https://runtimeconfig.googleapis.com/v1beta1/projects/tennis-diary-517c4/configs {"configs":[{"name":"projects/tennis-diary-517c4/configs/kakao"}]}
[debug] [2025-08-03T08:03:33.657Z] Checked if tokens are valid: true, expires at: 1754209480614
[debug] [2025-08-03T08:03:33.657Z] Checked if tokens are valid: true, expires at: 1754209480614
[debug] [2025-08-03T08:03:33.658Z] >>> [apiv2][query] GET https://runtimeconfig.googleapis.com/v1beta1/projects/tennis-diary-517c4/configs/kakao/variables [none]
[debug] [2025-08-03T08:03:33.951Z] <<< [apiv2][status] GET https://runtimeconfig.googleapis.com/v1beta1/projects/tennis-diary-517c4/configs/kakao/variables 200
[debug] [2025-08-03T08:03:33.951Z] <<< [apiv2][body] GET https://runtimeconfig.googleapis.com/v1beta1/projects/tennis-diary-517c4/configs/kakao/variables {"variables":[{"name":"projects/tennis-diary-517c4/configs/kakao/variables/service_account","updateTime":"2025-08-03T08:00:13.053985323Z"}]}
[debug] [2025-08-03T08:03:33.952Z] Checked if tokens are valid: true, expires at: 1754209480614
[debug] [2025-08-03T08:03:33.952Z] Checked if tokens are valid: true, expires at: 1754209480614
[debug] [2025-08-03T08:03:33.953Z] >>> [apiv2][query] GET https://runtimeconfig.googleapis.com/v1beta1/projects/tennis-diary-517c4/configs/kakao/variables/service_account [none]
[debug] [2025-08-03T08:03:34.241Z] <<< [apiv2][status] GET https://runtimeconfig.googleapis.com/v1beta1/projects/tennis-diary-517c4/configs/kakao/variables/service_account 200
[debug] [2025-08-03T08:03:34.241Z] <<< [apiv2][body] GET https://runtimeconfig.googleapis.com/v1beta1/projects/tennis-diary-517c4/configs/kakao/variables/service_account {"name":"projects/tennis-diary-517c4/configs/kakao/variables/service_account","updateTime":"2025-08-03T08:00:13.053985323Z","text":"$(Get-Content -Path 'C:\\Users\\ckkim\\Downloads\\tennis-diary.json' -Raw)"}
[debug] [2025-08-03T08:03:34.250Z] Validating nodejs source
[debug] [2025-08-03T08:03:35.790Z] > [functions] package.json contents: {
  "name": "functions",
  "description": "Cloud Functions for Firebase",
  "scripts": {
    "lint": "eslint .",
    "serve": "firebase emulators:start --only functions",
    "shell": "firebase functions:shell",
    "start": "npm run shell",
    "deploy": "firebase deploy --only functions",
    "logs": "firebase functions:log"
  },
  "engines": {
    "node": "22"
  },
  "main": "index.js",
  "dependencies": {
    "axios": "^1.11.0",
    "firebase-admin": "^12.7.0",
    "firebase-functions": "^6.0.1"
  },
  "devDependencies": {
    "eslint": "^8.15.0",
    "eslint-config-google": "^0.14.0",
    "firebase-functions-test": "^3.1.0"
  },
  "private": true
}
[debug] [2025-08-03T08:03:35.790Z] Building nodejs source
[info] i  functions: Loading and analyzing source code for codebase default to determine what to deploy 
[debug] [2025-08-03T08:03:35.791Z] Could not find functions.yaml. Must use http discovery
[debug] [2025-08-03T08:03:35.817Z] Found firebase-functions binary at 'D:\Workspace\ReactJS\tennis-diary\functions\node_modules\.bin\firebase-functions'
[info] Serving at port 8581

[debug] [2025-08-03T08:03:40.840Z] Got response from /__/functions.yaml {"endpoints":{"kakaoLogin":{"availableMemoryMb":null,"timeoutSeconds":null,"minInstances":null,"maxInstances":null,"ingressSettings":null,"concurrency":null,"serviceAccountEmail":null,"vpc":null,"platform":"gcfv2","labels":{},"callableTrigger":{},"entryPoint":"kakaoLogin"}},"specVersion":"v1alpha1","requiredAPIs":[],"extensions":{}}
[info] i  extensions: ensuring required API firebaseextensions.googleapis.com is enabled... 
[debug] [2025-08-03T08:03:44.918Z] Checked if tokens are valid: true, expires at: 1754209480614
[debug] [2025-08-03T08:03:44.918Z] Checked if tokens are valid: true, expires at: 1754209480614
[debug] [2025-08-03T08:03:44.918Z] >>> [apiv2][query] GET https://serviceusage.googleapis.com/v1/projects/tennis-diary-517c4/services/firebaseextensions.googleapis.com [none]
[debug] [2025-08-03T08:03:44.918Z] >>> [apiv2][(partial)header] GET https://serviceusage.googleapis.com/v1/projects/tennis-diary-517c4/services/firebaseextensions.googleapis.com x-goog-quota-user=projects/tennis-diary-517c4
[debug] [2025-08-03T08:03:45.346Z] <<< [apiv2][status] GET https://serviceusage.googleapis.com/v1/projects/tennis-diary-517c4/services/firebaseextensions.googleapis.com 200
[debug] [2025-08-03T08:03:45.346Z] <<< [apiv2][body] GET https://serviceusage.googleapis.com/v1/projects/tennis-diary-517c4/services/firebaseextensions.googleapis.com [omitted]
[warn] !  extensions: missing required API firebaseextensions.googleapis.com. Enabling now... 
[debug] [2025-08-03T08:03:45.346Z] Checked if tokens are valid: true, expires at: 1754209480614
[debug] [2025-08-03T08:03:45.347Z] Checked if tokens are valid: true, expires at: 1754209480614
[debug] [2025-08-03T08:03:45.347Z] >>> [apiv2][query] POST https://serviceusage.googleapis.com/v1/projects/tennis-diary-517c4/services/firebaseextensions.googleapis.com:enable [none]
[debug] [2025-08-03T08:03:45.347Z] >>> [apiv2][(partial)header] POST https://serviceusage.googleapis.com/v1/projects/tennis-diary-517c4/services/firebaseextensions.googleapis.com:enable x-goog-quota-user=projects/tennis-diary-517c4
[debug] [2025-08-03T08:03:46.203Z] <<< [apiv2][status] POST https://serviceusage.googleapis.com/v1/projects/tennis-diary-517c4/services/firebaseextensions.googleapis.com:enable 200
[debug] [2025-08-03T08:03:46.203Z] <<< [apiv2][body] POST https://serviceusage.googleapis.com/v1/projects/tennis-diary-517c4/services/firebaseextensions.googleapis.com:enable [omitted]
[debug] [2025-08-03T08:03:56.221Z] > command requires scopes: ["email","openid","https://www.googleapis.com/auth/cloudplatformprojects.readonly","https://www.googleapis.com/auth/firebase","https://www.googleapis.com/auth/cloud-platform"]
[debug] [2025-08-03T08:03:56.222Z] > authorizing via signed-in user (cheolkie.kim@gmail.com)
[debug] [2025-08-03T08:03:56.222Z] [iam] checking project tennis-diary-517c4 for permissions ["firebase.projects.get","firebaseextensions.instances.list"]
[debug] [2025-08-03T08:03:56.223Z] Checked if tokens are valid: true, expires at: 1754209480614
[debug] [2025-08-03T08:03:56.223Z] Checked if tokens are valid: true, expires at: 1754209480614
[debug] [2025-08-03T08:03:56.223Z] >>> [apiv2][query] POST https://cloudresourcemanager.googleapis.com/v1/projects/tennis-diary-517c4:testIamPermissions [none]
[debug] [2025-08-03T08:03:56.223Z] >>> [apiv2][(partial)header] POST https://cloudresourcemanager.googleapis.com/v1/projects/tennis-diary-517c4:testIamPermissions x-goog-quota-user=projects/tennis-diary-517c4
[debug] [2025-08-03T08:03:56.224Z] >>> [apiv2][body] POST https://cloudresourcemanager.googleapis.com/v1/projects/tennis-diary-517c4:testIamPermissions {"permissions":["firebase.projects.get","firebaseextensions.instances.list"]}
[debug] [2025-08-03T08:03:56.457Z] <<< [apiv2][status] POST https://cloudresourcemanager.googleapis.com/v1/projects/tennis-diary-517c4:testIamPermissions 200
[debug] [2025-08-03T08:03:56.458Z] <<< [apiv2][body] POST https://cloudresourcemanager.googleapis.com/v1/projects/tennis-diary-517c4:testIamPermissions {"permissions":["firebase.projects.get","firebaseextensions.instances.list"]}
[debug] [2025-08-03T08:03:56.459Z] Checked if tokens are valid: true, expires at: 1754209480614
[debug] [2025-08-03T08:03:56.459Z] Checked if tokens are valid: true, expires at: 1754209480614
[debug] [2025-08-03T08:03:56.459Z] >>> [apiv2][query] GET https://firebaseextensions.googleapis.com/v1beta/projects/tennis-diary-517c4/instances pageSize=100&pageToken=
[debug] [2025-08-03T08:03:58.535Z] <<< [apiv2][status] GET https://firebaseextensions.googleapis.com/v1beta/projects/tennis-diary-517c4/instances 200
[debug] [2025-08-03T08:03:58.535Z] <<< [apiv2][body] GET https://firebaseextensions.googleapis.com/v1beta/projects/tennis-diary-517c4/instances {}
[info] i  functions: preparing functions directory for uploading... 
[info] i  functions: packaged D:\Workspace\ReactJS\tennis-diary\functions (75.5 KB) for uploading 
[debug] [2025-08-03T08:03:58.621Z] Checked if tokens are valid: true, expires at: 1754209480614
[debug] [2025-08-03T08:03:58.621Z] Checked if tokens are valid: true, expires at: 1754209480614
[debug] [2025-08-03T08:03:58.622Z] >>> [apiv2][query] GET https://cloudfunctions.googleapis.com/v1/projects/tennis-diary-517c4/locations/-/functions [none]
[debug] [2025-08-03T08:03:59.385Z] <<< [apiv2][status] GET https://cloudfunctions.googleapis.com/v1/projects/tennis-diary-517c4/locations/-/functions 200
[debug] [2025-08-03T08:03:59.386Z] <<< [apiv2][body] GET https://cloudfunctions.googleapis.com/v1/projects/tennis-diary-517c4/locations/-/functions {}
[debug] [2025-08-03T08:03:59.386Z] Checked if tokens are valid: true, expires at: 1754209480614
[debug] [2025-08-03T08:03:59.386Z] Checked if tokens are valid: true, expires at: 1754209480614
[debug] [2025-08-03T08:03:59.386Z] >>> [apiv2][query] GET https://cloudfunctions.googleapis.com/v2/projects/tennis-diary-517c4/locations/-/functions filter=environment%3D%22GEN_2%22
[debug] [2025-08-03T08:04:00.670Z] <<< [apiv2][status] GET https://cloudfunctions.googleapis.com/v2/projects/tennis-diary-517c4/locations/-/functions 200
[debug] [2025-08-03T08:04:00.670Z] <<< [apiv2][body] GET https://cloudfunctions.googleapis.com/v2/projects/tennis-diary-517c4/locations/-/functions {}
[info] i  functions: ensuring required API run.googleapis.com is enabled... 
[debug] [2025-08-03T08:04:00.675Z] Checked if tokens are valid: true, expires at: 1754209480614
[debug] [2025-08-03T08:04:00.675Z] Checked if tokens are valid: true, expires at: 1754209480614
[info] i  functions: ensuring required API eventarc.googleapis.com is enabled... 
[debug] [2025-08-03T08:04:00.677Z] Checked if tokens are valid: true, expires at: 1754209480614
[debug] [2025-08-03T08:04:00.677Z] Checked if tokens are valid: true, expires at: 1754209480614
[info] i  functions: ensuring required API pubsub.googleapis.com is enabled... 
[debug] [2025-08-03T08:04:00.678Z] Checked if tokens are valid: true, expires at: 1754209480614
[debug] [2025-08-03T08:04:00.678Z] Checked if tokens are valid: true, expires at: 1754209480614
[info] i  functions: ensuring required API storage.googleapis.com is enabled... 
[debug] [2025-08-03T08:04:00.679Z] Checked if tokens are valid: true, expires at: 1754209480614
[debug] [2025-08-03T08:04:00.679Z] Checked if tokens are valid: true, expires at: 1754209480614
[debug] [2025-08-03T08:04:00.679Z] >>> [apiv2][query] GET https://serviceusage.googleapis.com/v1/projects/1083957835197/services/run.googleapis.com [none]
[debug] [2025-08-03T08:04:00.679Z] >>> [apiv2][(partial)header] GET https://serviceusage.googleapis.com/v1/projects/1083957835197/services/run.googleapis.com x-goog-quota-user=projects/1083957835197
[debug] [2025-08-03T08:04:00.681Z] >>> [apiv2][query] GET https://serviceusage.googleapis.com/v1/projects/1083957835197/services/eventarc.googleapis.com [none]
[debug] [2025-08-03T08:04:00.681Z] >>> [apiv2][(partial)header] GET https://serviceusage.googleapis.com/v1/projects/1083957835197/services/eventarc.googleapis.com x-goog-quota-user=projects/1083957835197
[debug] [2025-08-03T08:04:00.683Z] >>> [apiv2][query] GET https://serviceusage.googleapis.com/v1/projects/1083957835197/services/pubsub.googleapis.com [none]
[debug] [2025-08-03T08:04:00.683Z] >>> [apiv2][(partial)header] GET https://serviceusage.googleapis.com/v1/projects/1083957835197/services/pubsub.googleapis.com x-goog-quota-user=projects/1083957835197
[debug] [2025-08-03T08:04:00.685Z] >>> [apiv2][query] GET https://serviceusage.googleapis.com/v1/projects/1083957835197/services/storage.googleapis.com [none]
[debug] [2025-08-03T08:04:00.685Z] >>> [apiv2][(partial)header] GET https://serviceusage.googleapis.com/v1/projects/1083957835197/services/storage.googleapis.com x-goog-quota-user=projects/1083957835197
[debug] [2025-08-03T08:04:01.120Z] <<< [apiv2][status] GET https://serviceusage.googleapis.com/v1/projects/1083957835197/services/pubsub.googleapis.com 200
[debug] [2025-08-03T08:04:01.120Z] <<< [apiv2][body] GET https://serviceusage.googleapis.com/v1/projects/1083957835197/services/pubsub.googleapis.com [omitted]
[info] +  functions: required API pubsub.googleapis.com is enabled 
[debug] [2025-08-03T08:04:01.138Z] <<< [apiv2][status] GET https://serviceusage.googleapis.com/v1/projects/1083957835197/services/storage.googleapis.com 200
[debug] [2025-08-03T08:04:01.138Z] <<< [apiv2][body] GET https://serviceusage.googleapis.com/v1/projects/1083957835197/services/storage.googleapis.com [omitted]
[info] +  functions: required API storage.googleapis.com is enabled 
[debug] [2025-08-03T08:04:01.764Z] <<< [apiv2][status] GET https://serviceusage.googleapis.com/v1/projects/1083957835197/services/eventarc.googleapis.com 200
[debug] [2025-08-03T08:04:01.764Z] <<< [apiv2][body] GET https://serviceusage.googleapis.com/v1/projects/1083957835197/services/eventarc.googleapis.com [omitted]
[warn] !  functions: missing required API eventarc.googleapis.com. Enabling now... 
[debug] [2025-08-03T08:04:01.764Z] Checked if tokens are valid: true, expires at: 1754209480614
[debug] [2025-08-03T08:04:01.764Z] Checked if tokens are valid: true, expires at: 1754209480614
[debug] [2025-08-03T08:04:01.765Z] >>> [apiv2][query] POST https://serviceusage.googleapis.com/v1/projects/1083957835197/services/eventarc.googleapis.com:enable [none]
[debug] [2025-08-03T08:04:01.765Z] >>> [apiv2][(partial)header] POST https://serviceusage.googleapis.com/v1/projects/1083957835197/services/eventarc.googleapis.com:enable x-goog-quota-user=projects/1083957835197
[debug] [2025-08-03T08:04:01.769Z] <<< [apiv2][status] GET https://serviceusage.googleapis.com/v1/projects/1083957835197/services/run.googleapis.com 200
[debug] [2025-08-03T08:04:01.769Z] <<< [apiv2][body] GET https://serviceusage.googleapis.com/v1/projects/1083957835197/services/run.googleapis.com [omitted]
[warn] !  functions: missing required API run.googleapis.com. Enabling now... 
[debug] [2025-08-03T08:04:01.770Z] Checked if tokens are valid: true, expires at: 1754209480614
[debug] [2025-08-03T08:04:01.770Z] Checked if tokens are valid: true, expires at: 1754209480614
[debug] [2025-08-03T08:04:01.770Z] >>> [apiv2][query] POST https://serviceusage.googleapis.com/v1/projects/1083957835197/services/run.googleapis.com:enable [none]
[debug] [2025-08-03T08:04:01.770Z] >>> [apiv2][(partial)header] POST https://serviceusage.googleapis.com/v1/projects/1083957835197/services/run.googleapis.com:enable x-goog-quota-user=projects/1083957835197
[debug] [2025-08-03T08:04:02.185Z] <<< [apiv2][status] POST https://serviceusage.googleapis.com/v1/projects/1083957835197/services/eventarc.googleapis.com:enable 200
[debug] [2025-08-03T08:04:02.185Z] <<< [apiv2][body] POST https://serviceusage.googleapis.com/v1/projects/1083957835197/services/eventarc.googleapis.com:enable [omitted]
[debug] [2025-08-03T08:04:02.299Z] <<< [apiv2][status] POST https://serviceusage.googleapis.com/v1/projects/1083957835197/services/run.googleapis.com:enable 200
[debug] [2025-08-03T08:04:02.299Z] <<< [apiv2][body] POST https://serviceusage.googleapis.com/v1/projects/1083957835197/services/run.googleapis.com:enable [omitted]
[info] i  functions: generating the service identity for pubsub.googleapis.com... 
[debug] [2025-08-03T08:04:12.328Z] Checked if tokens are valid: true, expires at: 1754209480614
[debug] [2025-08-03T08:04:12.329Z] Checked if tokens are valid: true, expires at: 1754209480614
[info] i  functions: generating the service identity for eventarc.googleapis.com... 
[debug] [2025-08-03T08:04:12.329Z] Checked if tokens are valid: true, expires at: 1754209480614
[debug] [2025-08-03T08:04:12.329Z] Checked if tokens are valid: true, expires at: 1754209480614
[debug] [2025-08-03T08:04:12.329Z] >>> [apiv2][query] POST https://serviceusage.googleapis.com/v1beta1/projects/1083957835197/services/pubsub.googleapis.com:generateServiceIdentity [none]
[debug] [2025-08-03T08:04:12.329Z] >>> [apiv2][(partial)header] POST https://serviceusage.googleapis.com/v1beta1/projects/1083957835197/services/pubsub.googleapis.com:generateServiceIdentity x-goog-quota-user=projects/1083957835197
[debug] [2025-08-03T08:04:12.329Z] >>> [apiv2][body] POST https://serviceusage.googleapis.com/v1beta1/projects/1083957835197/services/pubsub.googleapis.com:generateServiceIdentity {}
[debug] [2025-08-03T08:04:12.332Z] >>> [apiv2][query] POST https://serviceusage.googleapis.com/v1beta1/projects/1083957835197/services/eventarc.googleapis.com:generateServiceIdentity [none]
[debug] [2025-08-03T08:04:12.332Z] >>> [apiv2][(partial)header] POST https://serviceusage.googleapis.com/v1beta1/projects/1083957835197/services/eventarc.googleapis.com:generateServiceIdentity x-goog-quota-user=projects/1083957835197
[debug] [2025-08-03T08:04:12.332Z] >>> [apiv2][body] POST https://serviceusage.googleapis.com/v1beta1/projects/1083957835197/services/eventarc.googleapis.com:generateServiceIdentity {}
[debug] [2025-08-03T08:04:13.569Z] <<< [apiv2][status] POST https://serviceusage.googleapis.com/v1beta1/projects/1083957835197/services/eventarc.googleapis.com:generateServiceIdentity 200
[debug] [2025-08-03T08:04:13.569Z] <<< [apiv2][body] POST https://serviceusage.googleapis.com/v1beta1/projects/1083957835197/services/eventarc.googleapis.com:generateServiceIdentity {"name":"operations/finished.DONE_OPERATION","done":true,"response":{"@type":"type.googleapis.com/google.api.serviceusage.v1beta1.ServiceIdentity","email":"service-1083957835197@gcp-sa-eventarc.iam.gserviceaccount.com","uniqueId":"101687446491864165579"}}
[debug] [2025-08-03T08:04:13.801Z] <<< [apiv2][status] POST https://serviceusage.googleapis.com/v1beta1/projects/1083957835197/services/pubsub.googleapis.com:generateServiceIdentity 200
[debug] [2025-08-03T08:04:13.801Z] <<< [apiv2][body] POST https://serviceusage.googleapis.com/v1beta1/projects/1083957835197/services/pubsub.googleapis.com:generateServiceIdentity {"name":"operations/finished.DONE_OPERATION","done":true,"response":{"@type":"type.googleapis.com/google.api.serviceusage.v1beta1.ServiceIdentity","email":"service-1083957835197@gcp-sa-pubsub.iam.gserviceaccount.com","uniqueId":"102335068536891143581"}}
[debug] [2025-08-03T08:04:13.804Z] Checked if tokens are valid: true, expires at: 1754209480614
[debug] [2025-08-03T08:04:13.804Z] Checked if tokens are valid: true, expires at: 1754209480614
[debug] [2025-08-03T08:04:13.804Z] >>> [apiv2][query] GET https://cloudresourcemanager.googleapis.com/v1/projects/tennis-diary-517c4 [none]
[debug] [2025-08-03T08:04:14.064Z] <<< [apiv2][status] GET https://cloudresourcemanager.googleapis.com/v1/projects/tennis-diary-517c4 200
[debug] [2025-08-03T08:04:14.064Z] <<< [apiv2][body] GET https://cloudresourcemanager.googleapis.com/v1/projects/tennis-diary-517c4 {"projectNumber":"1083957835197","projectId":"tennis-diary-517c4","lifecycleState":"ACTIVE","name":"tennis-diary","labels":{"firebase":"enabled","firebase-core":"disabled"},"createTime":"2025-06-27T08:45:32.742449Z"}
[debug] [2025-08-03T08:04:14.064Z] Checked if tokens are valid: true, expires at: 1754209480614
[debug] [2025-08-03T08:04:14.064Z] Checked if tokens are valid: true, expires at: 1754209480614
[debug] [2025-08-03T08:04:14.064Z] >>> [apiv2][query] GET https://compute.googleapis.com/compute/v1/projects/1083957835197 [none]
[debug] [2025-08-03T08:04:14.418Z] <<< [apiv2][status] GET https://compute.googleapis.com/compute/v1/projects/1083957835197 403
[debug] [2025-08-03T08:04:14.418Z] <<< [apiv2][body] GET https://compute.googleapis.com/compute/v1/projects/1083957835197 {"error":{"code":403,"message":"Compute Engine API has not been used in project 1083957835197 before or it is disabled. Enable it by visiting https://console.developers.google.com/apis/api/compute.googleapis.com/overview?project=1083957835197 then retry. If you enabled this API recently, wait a few minutes for the action to propagate to our systems and retry.","errors":[{"message":"Compute Engine API has not been used in project 1083957835197 before or it is disabled. Enable it by visiting https://console.developers.google.com/apis/api/compute.googleapis.com/overview?project=1083957835197 then retry. If you enabled this API recently, wait a few minutes for the action to propagate to our systems and retry.","domain":"usageLimits","reason":"accessNotConfigured","extendedHelp":"https://console.developers.google.com"}],"status":"PERMISSION_DENIED","details":[{"@type":"type.googleapis.com/google.rpc.ErrorInfo","reason":"SERVICE_DISABLED","domain":"googleapis.com","metadata":{"activationUrl":"https://console.developers.google.com/apis/api/compute.googleapis.com/overview?project=1083957835197","consumer":"projects/1083957835197","serviceTitle":"Compute Engine API","service":"compute.googleapis.com","containerInfo":"1083957835197"}},{"@type":"type.googleapis.com/google.rpc.LocalizedMessage","locale":"en-US","message":"Compute Engine API has not been used in project 1083957835197 before or it is disabled. Enable it by visiting https://console.developers.google.com/apis/api/compute.googleapis.com/overview?project=1083957835197 then retry. If you enabled this API recently, wait a few minutes for the action to propagate to our systems and retry."},{"@type":"type.googleapis.com/google.rpc.Help","links":[{"description":"Google developers console API activation","url":"https://console.developers.google.com/apis/api/compute.googleapis.com/overview?project=1083957835197"}]}]}}
[debug] [2025-08-03T08:04:14.419Z] unable to look up default compute service account. Falling back to 1083957835197-compute@developer.gserviceaccount.com. Error: {"name":"FirebaseError","children":[],"context":{"body":{"error":{"code":403,"message":"Compute Engine API has not been used in project 1083957835197 before or it is disabled. Enable it by visiting https://console.developers.google.com/apis/api/compute.googleapis.com/overview?project=1083957835197 then retry. If you enabled this API recently, wait a few minutes for the action to propagate to our systems and retry.","errors":[{"message":"Compute Engine API has not been used in project 1083957835197 before or it is disabled. Enable it by visiting https://console.developers.google.com/apis/api/compute.googleapis.com/overview?project=1083957835197 then retry. If you enabled this API recently, wait a few minutes for the action to propagate to our systems and retry.","domain":"usageLimits","reason":"accessNotConfigured","extendedHelp":"https://console.developers.google.com"}],"status":"PERMISSION_DENIED","details":[{"@type":"type.googleapis.com/google.rpc.ErrorInfo","reason":"SERVICE_DISABLED","domain":"googleapis.com","metadata":{"activationUrl":"https://console.developers.google.com/apis/api/compute.googleapis.com/overview?project=1083957835197","consumer":"projects/1083957835197","serviceTitle":"Compute Engine API","service":"compute.googleapis.com","containerInfo":"1083957835197"}},{"@type":"type.googleapis.com/google.rpc.LocalizedMessage","locale":"en-US","message":"Compute Engine API has not been used in project 1083957835197 before or it is disabled. Enable it by visiting https://console.developers.google.com/apis/api/compute.googleapis.com/overview?project=1083957835197 then retry. If you enabled this API recently, wait a few minutes for the action to propagate to our systems and retry."},{"@type":"type.googleapis.com/google.rpc.Help","links":[{"description":"Google developers console API activation","url":"https://console.developers.google.com/apis/api/compute.googleapis.com/overview?project=1083957835197"}]}]}},"response":{"statusCode":403}},"exit":1,"message":"Request to https://compute.googleapis.com/compute/v1/projects/1083957835197 had HTTP Error: 403, Compute Engine API has not been used in project 1083957835197 before or it is disabled. Enable it by visiting https://console.developers.google.com/apis/api/compute.googleapis.com/overview?project=1083957835197 then retry. If you enabled this API recently, wait a few minutes for the action to propagate to our systems and retry.","status":403}
[debug] [2025-08-03T08:04:14.421Z] Checked if tokens are valid: true, expires at: 1754209480614
[debug] [2025-08-03T08:04:14.421Z] Checked if tokens are valid: true, expires at: 1754209480614
[debug] [2025-08-03T08:04:14.421Z] >>> [apiv2][query] GET https://cloudbilling.googleapis.com/v1/projects/tennis-diary-517c4/billingInfo [none]
[debug] [2025-08-03T08:04:15.745Z] <<< [apiv2][status] GET https://cloudbilling.googleapis.com/v1/projects/tennis-diary-517c4/billingInfo 200
[debug] [2025-08-03T08:04:15.746Z] <<< [apiv2][body] GET https://cloudbilling.googleapis.com/v1/projects/tennis-diary-517c4/billingInfo {"name":"projects/tennis-diary-517c4/billingInfo","projectId":"tennis-diary-517c4","billingAccountName":"billingAccounts/015181-A1D054-83F485","billingEnabled":true}
[debug] [2025-08-03T08:04:15.751Z] Checked if tokens are valid: true, expires at: 1754209480614
[debug] [2025-08-03T08:04:15.751Z] Checked if tokens are valid: true, expires at: 1754209480614
[debug] [2025-08-03T08:04:15.752Z] >>> [apiv2][query] POST https://cloudfunctions.googleapis.com/v2/projects/tennis-diary-517c4/locations/us-central1/functions:generateUploadUrl [none]
[debug] [2025-08-03T08:04:18.253Z] <<< [apiv2][status] POST https://cloudfunctions.googleapis.com/v2/projects/tennis-diary-517c4/locations/us-central1/functions:generateUploadUrl 200
[debug] [2025-08-03T08:04:18.253Z] <<< [apiv2][body] POST https://cloudfunctions.googleapis.com/v2/projects/tennis-diary-517c4/locations/us-central1/functions:generateUploadUrl {"uploadUrl":"https://storage.googleapis.com/gcf-v2-uploads-1083957835197.us-central1.cloudfunctions.appspot.com/6ce19120-4abd-48ef-9e59-151c3c6ed872.zip?GoogleAccessId=service-1083957835197@gcf-admin-robot.iam.gserviceaccount.com&Expires=1754210058&Signature=k0dc4VN63actFNcq6LzyH%2FSruroKE0bBOftYZr3lYFxn%2FQbTM82i3OlqaA1pYw6O5RQ5aq1GMBJ9CYAIfeD%2BrzHa5R25basRAB0kBwUw%2FLXbavBQ3hZI%2Bc%2FeFM1ts%2B%2FVmPPuu7izqBN%2FsoPk9bn46SAw2cKmthVVLOH%2FenEXfT2ajZxHE%2FKqfRYNcP0Ddx4m0NOIeuTLJQEQ8qDupgxYkONHGegh8YGkbhAWciSSzGeDbtOwRMgX6i2cAng0z0CBgMRVEMouXiRXNE0M1u3ZhmVmXPhvP%2Bi%2B5MztyHj2k9cuNZNIQ8nFQ%2BQr4404HCRv2nZHxyK0S2Jk7%2B8MKuFVMw%3D%3D","storageSource":{"bucket":"gcf-v2-uploads-1083957835197.us-central1.cloudfunctions.appspot.com","object":"6ce19120-4abd-48ef-9e59-151c3c6ed872.zip"}}
[debug] [2025-08-03T08:04:18.254Z] >>> [apiv2][query] PUT https://storage.googleapis.com/gcf-v2-uploads-1083957835197.us-central1.cloudfunctions.appspot.com/6ce19120-4abd-48ef-9e59-151c3c6ed872.zip GoogleAccessId=service-1083957835197%40gcf-admin-robot.iam.gserviceaccount.com&Expires=1754210058&Signature=k0dc4VN63actFNcq6LzyH%2FSruroKE0bBOftYZr3lYFxn%2FQbTM82i3OlqaA1pYw6O5RQ5aq1GMBJ9CYAIfeD%2BrzHa5R25basRAB0kBwUw%2FLXbavBQ3hZI%2Bc%2FeFM1ts%2B%2FVmPPuu7izqBN%2FsoPk9bn46SAw2cKmthVVLOH%2FenEXfT2ajZxHE%2FKqfRYNcP0Ddx4m0NOIeuTLJQEQ8qDupgxYkONHGegh8YGkbhAWciSSzGeDbtOwRMgX6i2cAng0z0CBgMRVEMouXiRXNE0M1u3ZhmVmXPhvP%2Bi%2B5MztyHj2k9cuNZNIQ8nFQ%2BQr4404HCRv2nZHxyK0S2Jk7%2B8MKuFVMw%3D%3D
[debug] [2025-08-03T08:04:18.254Z] >>> [apiv2][body] PUT https://storage.googleapis.com/gcf-v2-uploads-1083957835197.us-central1.cloudfunctions.appspot.com/6ce19120-4abd-48ef-9e59-151c3c6ed872.zip [stream]
[debug] [2025-08-03T08:04:18.957Z] <<< [apiv2][status] PUT https://storage.googleapis.com/gcf-v2-uploads-1083957835197.us-central1.cloudfunctions.appspot.com/6ce19120-4abd-48ef-9e59-151c3c6ed872.zip 200
[debug] [2025-08-03T08:04:18.957Z] <<< [apiv2][body] PUT https://storage.googleapis.com/gcf-v2-uploads-1083957835197.us-central1.cloudfunctions.appspot.com/6ce19120-4abd-48ef-9e59-151c3c6ed872.zip [omitted]
[info] +  functions: functions folder uploaded successfully 
[info] i  functions: creating Node.js 22 (2nd Gen) function kakaoLogin(us-central1)... 
[debug] [2025-08-03T08:04:18.963Z] Checked if tokens are valid: true, expires at: 1754209480614
[debug] [2025-08-03T08:04:18.963Z] Checked if tokens are valid: true, expires at: 1754209480614
[debug] [2025-08-03T08:04:18.964Z] >>> [apiv2][query] POST https://cloudfunctions.googleapis.com/v2/projects/tennis-diary-517c4/locations/us-central1/functions functionId=kakaoLogin
[debug] [2025-08-03T08:04:18.964Z] >>> [apiv2][body] POST https://cloudfunctions.googleapis.com/v2/projects/tennis-diary-517c4/locations/us-central1/functions {"name":"projects/tennis-diary-517c4/locations/us-central1/functions/kakaoLogin","buildConfig":{"runtime":"nodejs22","entryPoint":"kakaoLogin","source":{"storageSource":{"bucket":"gcf-v2-uploads-1083957835197.us-central1.cloudfunctions.appspot.com","object":"6ce19120-4abd-48ef-9e59-151c3c6ed872.zip"}},"environmentVariables":{"GOOGLE_NODE_RUN_SCRIPTS":""}},"serviceConfig":{"environmentVariables":{"FIREBASE_CONFIG":"{\"projectId\":\"tennis-diary-517c4\",\"storageBucket\":\"tennis-diary-517c4.firebasestorage.app\"}","GCLOUD_PROJECT":"tennis-diary-517c4","EVENTARC_CLOUD_EVENT_SOURCE":"projects/tennis-diary-517c4/locations/us-central1/services/kakaoLogin","FUNCTION_TARGET":"kakaoLogin","LOG_EXECUTION_ID":"true"},"ingressSettings":null,"timeoutSeconds":null,"serviceAccountEmail":null,"availableMemory":"256Mi","minInstanceCount":null,"maxInstanceCount":null,"maxInstanceRequestConcurrency":80,"availableCpu":"1","vpcConnector":null,"vpcConnectorEgressSettings":null},"labels":{"deployment-tool":"cli-firebase","deployment-callable":"true","firebase-functions-hash":"2d4eeb60e9f2907ee2f3091e68190c2fc59ea514"}}
[debug] [2025-08-03T08:04:21.082Z] <<< [apiv2][status] POST https://cloudfunctions.googleapis.com/v2/projects/tennis-diary-517c4/locations/us-central1/functions 200
[debug] [2025-08-03T08:04:21.082Z] <<< [apiv2][body] POST https://cloudfunctions.googleapis.com/v2/projects/tennis-diary-517c4/locations/us-central1/functions {"name":"projects/tennis-diary-517c4/locations/us-central1/operations/operation-1754208259787-63b71702fcc2f-f0b9e939-e0b081d7","metadata":{"@type":"type.googleapis.com/google.cloud.functions.v2.OperationMetadata","createTime":"2025-08-03T08:04:20.875785955Z","target":"projects/tennis-diary-517c4/locations/us-central1/functions/kakaoLogin","verb":"create","cancelRequested":false,"apiVersion":"v2"},"done":false}
[debug] [2025-08-03T08:04:21.083Z] Checked if tokens are valid: true, expires at: 1754209480614
[debug] [2025-08-03T08:04:21.083Z] Checked if tokens are valid: true, expires at: 1754209480614
[debug] [2025-08-03T08:04:21.083Z] >>> [apiv2][query] GET https://cloudfunctions.googleapis.com/v2/projects/tennis-diary-517c4/locations/us-central1/operations/operation-1754208259787-63b71702fcc2f-f0b9e939-e0b081d7 [none]
[debug] [2025-08-03T08:04:22.063Z] <<< [apiv2][status] GET https://cloudfunctions.googleapis.com/v2/projects/tennis-diary-517c4/locations/us-central1/operations/operation-1754208259787-63b71702fcc2f-f0b9e939-e0b081d7 200
[debug] [2025-08-03T08:04:22.063Z] <<< [apiv2][body] GET https://cloudfunctions.googleapis.com/v2/projects/tennis-diary-517c4/locations/us-central1/operations/operation-1754208259787-63b71702fcc2f-f0b9e939-e0b081d7 {"name":"projects/tennis-diary-517c4/locations/us-central1/operations/operation-1754208259787-63b71702fcc2f-f0b9e939-e0b081d7","metadata":{"@type":"type.googleapis.com/google.cloud.functions.v2.OperationMetadata","createTime":"2025-08-03T08:04:20.875785955Z","target":"projects/tennis-diary-517c4/locations/us-central1/functions/kakaoLogin","verb":"create","cancelRequested":false,"apiVersion":"v2","requestResource":{"@type":"type.googleapis.com/google.cloud.functions.v2.Function","name":"projects/tennis-diary-517c4/locations/us-central1/functions/kakaoLogin","buildConfig":{"runtime":"nodejs22","entryPoint":"kakaoLogin","source":{"storageSource":{"bucket":"gcf-v2-sources-1083957835197-us-central1","object":"kakaoLogin/function-source.zip","generation":"1754208260497139"}},"environmentVariables":{"GOOGLE_NODE_RUN_SCRIPTS":""},"serviceAccount":"projects/tennis-diary-517c4/serviceAccounts/1083957835197-compute@developer.gserviceaccount.com","automaticUpdatePolicy":{}},"serviceConfig":{"service":"projects/tennis-diary-517c4/locations/us-central1/services/kakaologin","timeoutSeconds":60,"environmentVariables":{"FIREBASE_CONFIG":"{\"projectId\":\"tennis-diary-517c4\",\"storageBucket\":\"tennis-diary-517c4.firebasestorage.app\"}","GCLOUD_PROJECT":"tennis-diary-517c4","EVENTARC_CLOUD_EVENT_SOURCE":"projects/tennis-diary-517c4/locations/us-central1/services/kakaoLogin","FUNCTION_TARGET":"kakaoLogin","LOG_EXECUTION_ID":"true"},"ingressSettings":"ALLOW_ALL","serviceAccountEmail":"1083957835197-compute@developer.gserviceaccount.com","availableMemory":"256Mi","maxInstanceRequestConcurrency":80,"availableCpu":"1"},"labels":{"deployment-tool":"cli-firebase","deployment-callable":"true","firebase-functions-hash":"2d4eeb60e9f2907ee2f3091e68190c2fc59ea514"},"environment":"GEN_2"},"stages":[{"name":"BUILD","state":"NOT_STARTED"},{"name":"SERVICE","state":"NOT_STARTED"}],"operationType":"CREATE_FUNCTION"},"done":false}
[debug] [2025-08-03T08:04:22.577Z] [create-default-us-central1-kakaoLogin] Retrying task index 0
[debug] [2025-08-03T08:04:22.577Z] Checked if tokens are valid: true, expires at: 1754209480614
[debug] [2025-08-03T08:04:22.577Z] Checked if tokens are valid: true, expires at: 1754209480614
[debug] [2025-08-03T08:04:22.577Z] >>> [apiv2][query] GET https://cloudfunctions.googleapis.com/v2/projects/tennis-diary-517c4/locations/us-central1/operations/operation-1754208259787-63b71702fcc2f-f0b9e939-e0b081d7 [none]
[debug] [2025-08-03T08:04:23.592Z] <<< [apiv2][status] GET https://cloudfunctions.googleapis.com/v2/projects/tennis-diary-517c4/locations/us-central1/operations/operation-1754208259787-63b71702fcc2f-f0b9e939-e0b081d7 200
[debug] [2025-08-03T08:04:23.593Z] <<< [apiv2][body] GET https://cloudfunctions.googleapis.com/v2/projects/tennis-diary-517c4/locations/us-central1/operations/operation-1754208259787-63b71702fcc2f-f0b9e939-e0b081d7 {"name":"projects/tennis-diary-517c4/locations/us-central1/operations/operation-1754208259787-63b71702fcc2f-f0b9e939-e0b081d7","metadata":{"@type":"type.googleapis.com/google.cloud.functions.v2.OperationMetadata","createTime":"2025-08-03T08:04:20.875785955Z","target":"projects/tennis-diary-517c4/locations/us-central1/functions/kakaoLogin","verb":"create","cancelRequested":false,"apiVersion":"v2","requestResource":{"@type":"type.googleapis.com/google.cloud.functions.v2.Function","name":"projects/tennis-diary-517c4/locations/us-central1/functions/kakaoLogin","buildConfig":{"runtime":"nodejs22","entryPoint":"kakaoLogin","source":{"storageSource":{"bucket":"gcf-v2-sources-1083957835197-us-central1","object":"kakaoLogin/function-source.zip","generation":"1754208260497139"}},"environmentVariables":{"GOOGLE_NODE_RUN_SCRIPTS":""},"serviceAccount":"projects/tennis-diary-517c4/serviceAccounts/1083957835197-compute@developer.gserviceaccount.com","automaticUpdatePolicy":{}},"serviceConfig":{"service":"projects/tennis-diary-517c4/locations/us-central1/services/kakaologin","timeoutSeconds":60,"environmentVariables":{"FIREBASE_CONFIG":"{\"projectId\":\"tennis-diary-517c4\",\"storageBucket\":\"tennis-diary-517c4.firebasestorage.app\"}","GCLOUD_PROJECT":"tennis-diary-517c4","EVENTARC_CLOUD_EVENT_SOURCE":"projects/tennis-diary-517c4/locations/us-central1/services/kakaoLogin","FUNCTION_TARGET":"kakaoLogin","LOG_EXECUTION_ID":"true"},"ingressSettings":"ALLOW_ALL","serviceAccountEmail":"1083957835197-compute@developer.gserviceaccount.com","availableMemory":"256Mi","maxInstanceRequestConcurrency":80,"availableCpu":"1"},"labels":{"deployment-tool":"cli-firebase","deployment-callable":"true","firebase-functions-hash":"2d4eeb60e9f2907ee2f3091e68190c2fc59ea514"},"environment":"GEN_2"},"stages":[{"name":"BUILD","state":"NOT_STARTED"},{"name":"SERVICE","state":"NOT_STARTED"}],"operationType":"CREATE_FUNCTION"},"done":false}
[debug] [2025-08-03T08:04:24.598Z] [create-default-us-central1-kakaoLogin] Retrying task index 0
[debug] [2025-08-03T08:04:24.599Z] Checked if tokens are valid: true, expires at: 1754209480614
[debug] [2025-08-03T08:04:24.599Z] Checked if tokens are valid: true, expires at: 1754209480614
[debug] [2025-08-03T08:04:24.599Z] >>> [apiv2][query] GET https://cloudfunctions.googleapis.com/v2/projects/tennis-diary-517c4/locations/us-central1/operations/operation-1754208259787-63b71702fcc2f-f0b9e939-e0b081d7 [none]
[debug] [2025-08-03T08:04:25.639Z] <<< [apiv2][status] GET https://cloudfunctions.googleapis.com/v2/projects/tennis-diary-517c4/locations/us-central1/operations/operation-1754208259787-63b71702fcc2f-f0b9e939-e0b081d7 200
[debug] [2025-08-03T08:04:25.639Z] <<< [apiv2][body] GET https://cloudfunctions.googleapis.com/v2/projects/tennis-diary-517c4/locations/us-central1/operations/operation-1754208259787-63b71702fcc2f-f0b9e939-e0b081d7 {"name":"projects/tennis-diary-517c4/locations/us-central1/operations/operation-1754208259787-63b71702fcc2f-f0b9e939-e0b081d7","metadata":{"@type":"type.googleapis.com/google.cloud.functions.v2.OperationMetadata","createTime":"2025-08-03T08:04:20.875785955Z","target":"projects/tennis-diary-517c4/locations/us-central1/functions/kakaoLogin","verb":"create","cancelRequested":false,"apiVersion":"v2","requestResource":{"@type":"type.googleapis.com/google.cloud.functions.v2.Function","name":"projects/tennis-diary-517c4/locations/us-central1/functions/kakaoLogin","buildConfig":{"runtime":"nodejs22","entryPoint":"kakaoLogin","source":{"storageSource":{"bucket":"gcf-v2-sources-1083957835197-us-central1","object":"kakaoLogin/function-source.zip","generation":"1754208260497139"}},"environmentVariables":{"GOOGLE_NODE_RUN_SCRIPTS":""},"serviceAccount":"projects/tennis-diary-517c4/serviceAccounts/1083957835197-compute@developer.gserviceaccount.com","automaticUpdatePolicy":{}},"serviceConfig":{"service":"projects/tennis-diary-517c4/locations/us-central1/services/kakaologin","timeoutSeconds":60,"environmentVariables":{"FIREBASE_CONFIG":"{\"projectId\":\"tennis-diary-517c4\",\"storageBucket\":\"tennis-diary-517c4.firebasestorage.app\"}","GCLOUD_PROJECT":"tennis-diary-517c4","EVENTARC_CLOUD_EVENT_SOURCE":"projects/tennis-diary-517c4/locations/us-central1/services/kakaoLogin","FUNCTION_TARGET":"kakaoLogin","LOG_EXECUTION_ID":"true"},"ingressSettings":"ALLOW_ALL","serviceAccountEmail":"1083957835197-compute@developer.gserviceaccount.com","availableMemory":"256Mi","maxInstanceRequestConcurrency":80,"availableCpu":"1"},"labels":{"deployment-tool":"cli-firebase","deployment-callable":"true","firebase-functions-hash":"2d4eeb60e9f2907ee2f3091e68190c2fc59ea514"},"environment":"GEN_2"},"stages":[{"name":"BUILD","state":"NOT_STARTED"},{"name":"SERVICE","state":"NOT_STARTED"}],"operationType":"CREATE_FUNCTION"},"done":false}
[debug] [2025-08-03T08:04:27.653Z] [create-default-us-central1-kakaoLogin] Retrying task index 0
[debug] [2025-08-03T08:04:27.653Z] Checked if tokens are valid: true, expires at: 1754209480614
[debug] [2025-08-03T08:04:27.653Z] Checked if tokens are valid: true, expires at: 1754209480614
[debug] [2025-08-03T08:04:27.653Z] >>> [apiv2][query] GET https://cloudfunctions.googleapis.com/v2/projects/tennis-diary-517c4/locations/us-central1/operations/operation-1754208259787-63b71702fcc2f-f0b9e939-e0b081d7 [none]
[debug] [2025-08-03T08:04:28.648Z] <<< [apiv2][status] GET https://cloudfunctions.googleapis.com/v2/projects/tennis-diary-517c4/locations/us-central1/operations/operation-1754208259787-63b71702fcc2f-f0b9e939-e0b081d7 200
[debug] [2025-08-03T08:04:28.648Z] <<< [apiv2][body] GET https://cloudfunctions.googleapis.com/v2/projects/tennis-diary-517c4/locations/us-central1/operations/operation-1754208259787-63b71702fcc2f-f0b9e939-e0b081d7 {"name":"projects/tennis-diary-517c4/locations/us-central1/operations/operation-1754208259787-63b71702fcc2f-f0b9e939-e0b081d7","metadata":{"@type":"type.googleapis.com/google.cloud.functions.v2.OperationMetadata","createTime":"2025-08-03T08:04:20.875785955Z","target":"projects/tennis-diary-517c4/locations/us-central1/functions/kakaoLogin","verb":"create","cancelRequested":false,"apiVersion":"v2","requestResource":{"@type":"type.googleapis.com/google.cloud.functions.v2.Function","name":"projects/tennis-diary-517c4/locations/us-central1/functions/kakaoLogin","buildConfig":{"runtime":"nodejs22","entryPoint":"kakaoLogin","source":{"storageSource":{"bucket":"gcf-v2-sources-1083957835197-us-central1","object":"kakaoLogin/function-source.zip","generation":"1754208260497139"}},"environmentVariables":{"GOOGLE_NODE_RUN_SCRIPTS":""},"serviceAccount":"projects/tennis-diary-517c4/serviceAccounts/1083957835197-compute@developer.gserviceaccount.com","automaticUpdatePolicy":{}},"serviceConfig":{"service":"projects/tennis-diary-517c4/locations/us-central1/services/kakaologin","timeoutSeconds":60,"environmentVariables":{"FIREBASE_CONFIG":"{\"projectId\":\"tennis-diary-517c4\",\"storageBucket\":\"tennis-diary-517c4.firebasestorage.app\"}","GCLOUD_PROJECT":"tennis-diary-517c4","EVENTARC_CLOUD_EVENT_SOURCE":"projects/tennis-diary-517c4/locations/us-central1/services/kakaoLogin","FUNCTION_TARGET":"kakaoLogin","LOG_EXECUTION_ID":"true"},"ingressSettings":"ALLOW_ALL","serviceAccountEmail":"1083957835197-compute@developer.gserviceaccount.com","availableMemory":"256Mi","maxInstanceRequestConcurrency":80,"availableCpu":"1"},"labels":{"deployment-tool":"cli-firebase","deployment-callable":"true","firebase-functions-hash":"2d4eeb60e9f2907ee2f3091e68190c2fc59ea514"},"environment":"GEN_2"},"stages":[{"name":"BUILD","state":"NOT_STARTED"},{"name":"SERVICE","state":"NOT_STARTED"}],"operationType":"CREATE_FUNCTION"},"done":false}
[debug] [2025-08-03T08:04:32.652Z] [create-default-us-central1-kakaoLogin] Retrying task index 0
[debug] [2025-08-03T08:04:32.652Z] Checked if tokens are valid: true, expires at: 1754209480614
[debug] [2025-08-03T08:04:32.652Z] Checked if tokens are valid: true, expires at: 1754209480614
[debug] [2025-08-03T08:04:32.652Z] >>> [apiv2][query] GET https://cloudfunctions.googleapis.com/v2/projects/tennis-diary-517c4/locations/us-central1/operations/operation-1754208259787-63b71702fcc2f-f0b9e939-e0b081d7 [none]
[debug] [2025-08-03T08:04:33.638Z] <<< [apiv2][status] GET https://cloudfunctions.googleapis.com/v2/projects/tennis-diary-517c4/locations/us-central1/operations/operation-1754208259787-63b71702fcc2f-f0b9e939-e0b081d7 200
[debug] [2025-08-03T08:04:33.638Z] <<< [apiv2][body] GET https://cloudfunctions.googleapis.com/v2/projects/tennis-diary-517c4/locations/us-central1/operations/operation-1754208259787-63b71702fcc2f-f0b9e939-e0b081d7 {"name":"projects/tennis-diary-517c4/locations/us-central1/operations/operation-1754208259787-63b71702fcc2f-f0b9e939-e0b081d7","metadata":{"@type":"type.googleapis.com/google.cloud.functions.v2.OperationMetadata","createTime":"2025-08-03T08:04:20.875785955Z","target":"projects/tennis-diary-517c4/locations/us-central1/functions/kakaoLogin","verb":"create","cancelRequested":false,"apiVersion":"v2","requestResource":{"@type":"type.googleapis.com/google.cloud.functions.v2.Function","name":"projects/tennis-diary-517c4/locations/us-central1/functions/kakaoLogin","buildConfig":{"runtime":"nodejs22","entryPoint":"kakaoLogin","source":{"storageSource":{"bucket":"gcf-v2-sources-1083957835197-us-central1","object":"kakaoLogin/function-source.zip","generation":"1754208260497139"}},"environmentVariables":{"GOOGLE_NODE_RUN_SCRIPTS":""},"serviceAccount":"projects/tennis-diary-517c4/serviceAccounts/1083957835197-compute@developer.gserviceaccount.com","automaticUpdatePolicy":{}},"serviceConfig":{"service":"projects/tennis-diary-517c4/locations/us-central1/services/kakaologin","timeoutSeconds":60,"environmentVariables":{"FIREBASE_CONFIG":"{\"projectId\":\"tennis-diary-517c4\",\"storageBucket\":\"tennis-diary-517c4.firebasestorage.app\"}","GCLOUD_PROJECT":"tennis-diary-517c4","EVENTARC_CLOUD_EVENT_SOURCE":"projects/tennis-diary-517c4/locations/us-central1/services/kakaoLogin","FUNCTION_TARGET":"kakaoLogin","LOG_EXECUTION_ID":"true"},"ingressSettings":"ALLOW_ALL","serviceAccountEmail":"1083957835197-compute@developer.gserviceaccount.com","availableMemory":"256Mi","maxInstanceRequestConcurrency":80,"availableCpu":"1"},"labels":{"deployment-tool":"cli-firebase","deployment-callable":"true","firebase-functions-hash":"2d4eeb60e9f2907ee2f3091e68190c2fc59ea514"},"environment":"GEN_2"},"stages":[{"name":"BUILD","state":"NOT_STARTED"},{"name":"SERVICE","state":"NOT_STARTED"}],"operationType":"CREATE_FUNCTION"},"done":false}
[debug] [2025-08-03T08:04:41.645Z] [create-default-us-central1-kakaoLogin] Retrying task index 0
[debug] [2025-08-03T08:04:41.645Z] Checked if tokens are valid: true, expires at: 1754209480614
[debug] [2025-08-03T08:04:41.645Z] Checked if tokens are valid: true, expires at: 1754209480614
[debug] [2025-08-03T08:04:41.645Z] >>> [apiv2][query] GET https://cloudfunctions.googleapis.com/v2/projects/tennis-diary-517c4/locations/us-central1/operations/operation-1754208259787-63b71702fcc2f-f0b9e939-e0b081d7 [none]
[debug] [2025-08-03T08:04:42.721Z] <<< [apiv2][status] GET https://cloudfunctions.googleapis.com/v2/projects/tennis-diary-517c4/locations/us-central1/operations/operation-1754208259787-63b71702fcc2f-f0b9e939-e0b081d7 200
[debug] [2025-08-03T08:04:42.722Z] <<< [apiv2][body] GET https://cloudfunctions.googleapis.com/v2/projects/tennis-diary-517c4/locations/us-central1/operations/operation-1754208259787-63b71702fcc2f-f0b9e939-e0b081d7 {"name":"projects/tennis-diary-517c4/locations/us-central1/operations/operation-1754208259787-63b71702fcc2f-f0b9e939-e0b081d7","metadata":{"@type":"type.googleapis.com/google.cloud.functions.v2.OperationMetadata","createTime":"2025-08-03T08:04:20.875785955Z","target":"projects/tennis-diary-517c4/locations/us-central1/functions/kakaoLogin","verb":"create","cancelRequested":false,"apiVersion":"v2","requestResource":{"@type":"type.googleapis.com/google.cloud.functions.v2.Function","name":"projects/tennis-diary-517c4/locations/us-central1/functions/kakaoLogin","buildConfig":{"runtime":"nodejs22","entryPoint":"kakaoLogin","source":{"storageSource":{"bucket":"gcf-v2-sources-1083957835197-us-central1","object":"kakaoLogin/function-source.zip","generation":"1754208260497139"}},"environmentVariables":{"GOOGLE_NODE_RUN_SCRIPTS":""},"serviceAccount":"projects/tennis-diary-517c4/serviceAccounts/1083957835197-compute@developer.gserviceaccount.com","automaticUpdatePolicy":{}},"serviceConfig":{"service":"projects/tennis-diary-517c4/locations/us-central1/services/kakaologin","timeoutSeconds":60,"environmentVariables":{"FIREBASE_CONFIG":"{\"projectId\":\"tennis-diary-517c4\",\"storageBucket\":\"tennis-diary-517c4.firebasestorage.app\"}","GCLOUD_PROJECT":"tennis-diary-517c4","EVENTARC_CLOUD_EVENT_SOURCE":"projects/tennis-diary-517c4/locations/us-central1/services/kakaoLogin","FUNCTION_TARGET":"kakaoLogin","LOG_EXECUTION_ID":"true"},"ingressSettings":"ALLOW_ALL","serviceAccountEmail":"1083957835197-compute@developer.gserviceaccount.com","availableMemory":"256Mi","maxInstanceRequestConcurrency":80,"availableCpu":"1"},"labels":{"deployment-tool":"cli-firebase","deployment-callable":"true","firebase-functions-hash":"2d4eeb60e9f2907ee2f3091e68190c2fc59ea514"},"environment":"GEN_2"},"stages":[{"name":"BUILD","state":"NOT_STARTED"},{"name":"SERVICE","state":"NOT_STARTED"}],"operationType":"CREATE_FUNCTION"},"done":false}
[debug] [2025-08-03T08:04:52.726Z] [create-default-us-central1-kakaoLogin] Retrying task index 0
[debug] [2025-08-03T08:04:52.726Z] Checked if tokens are valid: true, expires at: 1754209480614
[debug] [2025-08-03T08:04:52.726Z] Checked if tokens are valid: true, expires at: 1754209480614
[debug] [2025-08-03T08:04:52.726Z] >>> [apiv2][query] GET https://cloudfunctions.googleapis.com/v2/projects/tennis-diary-517c4/locations/us-central1/operations/operation-1754208259787-63b71702fcc2f-f0b9e939-e0b081d7 [none]
[debug] [2025-08-03T08:04:53.850Z] <<< [apiv2][status] GET https://cloudfunctions.googleapis.com/v2/projects/tennis-diary-517c4/locations/us-central1/operations/operation-1754208259787-63b71702fcc2f-f0b9e939-e0b081d7 200
[debug] [2025-08-03T08:04:53.850Z] <<< [apiv2][body] GET https://cloudfunctions.googleapis.com/v2/projects/tennis-diary-517c4/locations/us-central1/operations/operation-1754208259787-63b71702fcc2f-f0b9e939-e0b081d7 {"name":"projects/tennis-diary-517c4/locations/us-central1/operations/operation-1754208259787-63b71702fcc2f-f0b9e939-e0b081d7","metadata":{"@type":"type.googleapis.com/google.cloud.functions.v2.OperationMetadata","createTime":"2025-08-03T08:04:20.875785955Z","target":"projects/tennis-diary-517c4/locations/us-central1/functions/kakaoLogin","verb":"create","cancelRequested":false,"apiVersion":"v2","requestResource":{"@type":"type.googleapis.com/google.cloud.functions.v2.Function","name":"projects/tennis-diary-517c4/locations/us-central1/functions/kakaoLogin","buildConfig":{"runtime":"nodejs22","entryPoint":"kakaoLogin","source":{"storageSource":{"bucket":"gcf-v2-sources-1083957835197-us-central1","object":"kakaoLogin/function-source.zip","generation":"1754208260497139"}},"environmentVariables":{"GOOGLE_NODE_RUN_SCRIPTS":""},"serviceAccount":"projects/tennis-diary-517c4/serviceAccounts/1083957835197-compute@developer.gserviceaccount.com","automaticUpdatePolicy":{}},"serviceConfig":{"service":"projects/tennis-diary-517c4/locations/us-central1/services/kakaologin","timeoutSeconds":60,"environmentVariables":{"FIREBASE_CONFIG":"{\"projectId\":\"tennis-diary-517c4\",\"storageBucket\":\"tennis-diary-517c4.firebasestorage.app\"}","GCLOUD_PROJECT":"tennis-diary-517c4","EVENTARC_CLOUD_EVENT_SOURCE":"projects/tennis-diary-517c4/locations/us-central1/services/kakaoLogin","FUNCTION_TARGET":"kakaoLogin","LOG_EXECUTION_ID":"true"},"ingressSettings":"ALLOW_ALL","serviceAccountEmail":"1083957835197-compute@developer.gserviceaccount.com","availableMemory":"256Mi","maxInstanceRequestConcurrency":80,"availableCpu":"1"},"labels":{"deployment-tool":"cli-firebase","deployment-callable":"true","firebase-functions-hash":"2d4eeb60e9f2907ee2f3091e68190c2fc59ea514"},"environment":"GEN_2"},"stages":[{"name":"BUILD","message":"Build in progress","state":"IN_PROGRESS","resource":"projects/1083957835197/locations/us-central1/builds/1b90b140-56c8-4f13-8527-0e124f1b5953","resourceUri":"https://console.cloud.google.com/cloud-build/builds;region=us-central1/1b90b140-56c8-4f13-8527-0e124f1b5953?project=1083957835197"},{"name":"SERVICE","state":"NOT_STARTED"}],"operationType":"CREATE_FUNCTION","buildName":"projects/1083957835197/locations/us-central1/builds/1b90b140-56c8-4f13-8527-0e124f1b5953"},"done":false}
[debug] [2025-08-03T08:05:03.853Z] [create-default-us-central1-kakaoLogin] Retrying task index 0
[debug] [2025-08-03T08:05:03.853Z] Checked if tokens are valid: true, expires at: 1754209480614
[debug] [2025-08-03T08:05:03.853Z] Checked if tokens are valid: true, expires at: 1754209480614
[debug] [2025-08-03T08:05:03.853Z] >>> [apiv2][query] GET https://cloudfunctions.googleapis.com/v2/projects/tennis-diary-517c4/locations/us-central1/operations/operation-1754208259787-63b71702fcc2f-f0b9e939-e0b081d7 [none]
[debug] [2025-08-03T08:05:04.923Z] <<< [apiv2][status] GET https://cloudfunctions.googleapis.com/v2/projects/tennis-diary-517c4/locations/us-central1/operations/operation-1754208259787-63b71702fcc2f-f0b9e939-e0b081d7 200
[debug] [2025-08-03T08:05:04.923Z] <<< [apiv2][body] GET https://cloudfunctions.googleapis.com/v2/projects/tennis-diary-517c4/locations/us-central1/operations/operation-1754208259787-63b71702fcc2f-f0b9e939-e0b081d7 {"name":"projects/tennis-diary-517c4/locations/us-central1/operations/operation-1754208259787-63b71702fcc2f-f0b9e939-e0b081d7","metadata":{"@type":"type.googleapis.com/google.cloud.functions.v2.OperationMetadata","createTime":"2025-08-03T08:04:20.875785955Z","target":"projects/tennis-diary-517c4/locations/us-central1/functions/kakaoLogin","verb":"create","cancelRequested":false,"apiVersion":"v2","requestResource":{"@type":"type.googleapis.com/google.cloud.functions.v2.Function","name":"projects/tennis-diary-517c4/locations/us-central1/functions/kakaoLogin","buildConfig":{"runtime":"nodejs22","entryPoint":"kakaoLogin","source":{"storageSource":{"bucket":"gcf-v2-sources-1083957835197-us-central1","object":"kakaoLogin/function-source.zip","generation":"1754208260497139"}},"environmentVariables":{"GOOGLE_NODE_RUN_SCRIPTS":""},"serviceAccount":"projects/tennis-diary-517c4/serviceAccounts/1083957835197-compute@developer.gserviceaccount.com","automaticUpdatePolicy":{}},"serviceConfig":{"service":"projects/tennis-diary-517c4/locations/us-central1/services/kakaologin","timeoutSeconds":60,"environmentVariables":{"FIREBASE_CONFIG":"{\"projectId\":\"tennis-diary-517c4\",\"storageBucket\":\"tennis-diary-517c4.firebasestorage.app\"}","GCLOUD_PROJECT":"tennis-diary-517c4","EVENTARC_CLOUD_EVENT_SOURCE":"projects/tennis-diary-517c4/locations/us-central1/services/kakaoLogin","FUNCTION_TARGET":"kakaoLogin","LOG_EXECUTION_ID":"true"},"ingressSettings":"ALLOW_ALL","serviceAccountEmail":"1083957835197-compute@developer.gserviceaccount.com","availableMemory":"256Mi","maxInstanceRequestConcurrency":80,"availableCpu":"1"},"labels":{"deployment-tool":"cli-firebase","deployment-callable":"true","firebase-functions-hash":"2d4eeb60e9f2907ee2f3091e68190c2fc59ea514"},"environment":"GEN_2"},"stages":[{"name":"BUILD","message":"Build in progress","state":"IN_PROGRESS","resource":"projects/1083957835197/locations/us-central1/builds/1b90b140-56c8-4f13-8527-0e124f1b5953","resourceUri":"https://console.cloud.google.com/cloud-build/builds;region=us-central1/1b90b140-56c8-4f13-8527-0e124f1b5953?project=1083957835197"},{"name":"SERVICE","state":"NOT_STARTED"}],"operationType":"CREATE_FUNCTION","buildName":"projects/1083957835197/locations/us-central1/builds/1b90b140-56c8-4f13-8527-0e124f1b5953"},"done":false}
[debug] [2025-08-03T08:05:14.929Z] [create-default-us-central1-kakaoLogin] Retrying task index 0
[debug] [2025-08-03T08:05:14.929Z] Checked if tokens are valid: true, expires at: 1754209480614
[debug] [2025-08-03T08:05:14.929Z] Checked if tokens are valid: true, expires at: 1754209480614
[debug] [2025-08-03T08:05:14.929Z] >>> [apiv2][query] GET https://cloudfunctions.googleapis.com/v2/projects/tennis-diary-517c4/locations/us-central1/operations/operation-1754208259787-63b71702fcc2f-f0b9e939-e0b081d7 [none]
[debug] [2025-08-03T08:05:16.056Z] <<< [apiv2][status] GET https://cloudfunctions.googleapis.com/v2/projects/tennis-diary-517c4/locations/us-central1/operations/operation-1754208259787-63b71702fcc2f-f0b9e939-e0b081d7 200
[debug] [2025-08-03T08:05:16.056Z] <<< [apiv2][body] GET https://cloudfunctions.googleapis.com/v2/projects/tennis-diary-517c4/locations/us-central1/operations/operation-1754208259787-63b71702fcc2f-f0b9e939-e0b081d7 {"name":"projects/tennis-diary-517c4/locations/us-central1/operations/operation-1754208259787-63b71702fcc2f-f0b9e939-e0b081d7","metadata":{"@type":"type.googleapis.com/google.cloud.functions.v2.OperationMetadata","createTime":"2025-08-03T08:04:20.875785955Z","target":"projects/tennis-diary-517c4/locations/us-central1/functions/kakaoLogin","verb":"create","cancelRequested":false,"apiVersion":"v2","requestResource":{"@type":"type.googleapis.com/google.cloud.functions.v2.Function","name":"projects/tennis-diary-517c4/locations/us-central1/functions/kakaoLogin","buildConfig":{"runtime":"nodejs22","entryPoint":"kakaoLogin","source":{"storageSource":{"bucket":"gcf-v2-sources-1083957835197-us-central1","object":"kakaoLogin/function-source.zip","generation":"1754208260497139"}},"environmentVariables":{"GOOGLE_NODE_RUN_SCRIPTS":""},"serviceAccount":"projects/tennis-diary-517c4/serviceAccounts/1083957835197-compute@developer.gserviceaccount.com","automaticUpdatePolicy":{}},"serviceConfig":{"service":"projects/tennis-diary-517c4/locations/us-central1/services/kakaologin","timeoutSeconds":60,"environmentVariables":{"FIREBASE_CONFIG":"{\"projectId\":\"tennis-diary-517c4\",\"storageBucket\":\"tennis-diary-517c4.firebasestorage.app\"}","GCLOUD_PROJECT":"tennis-diary-517c4","EVENTARC_CLOUD_EVENT_SOURCE":"projects/tennis-diary-517c4/locations/us-central1/services/kakaoLogin","FUNCTION_TARGET":"kakaoLogin","LOG_EXECUTION_ID":"true"},"ingressSettings":"ALLOW_ALL","serviceAccountEmail":"1083957835197-compute@developer.gserviceaccount.com","availableMemory":"256Mi","maxInstanceRequestConcurrency":80,"availableCpu":"1"},"labels":{"deployment-tool":"cli-firebase","deployment-callable":"true","firebase-functions-hash":"2d4eeb60e9f2907ee2f3091e68190c2fc59ea514"},"environment":"GEN_2"},"stages":[{"name":"BUILD","message":"Build in progress","state":"IN_PROGRESS","resource":"projects/1083957835197/locations/us-central1/builds/1b90b140-56c8-4f13-8527-0e124f1b5953","resourceUri":"https://console.cloud.google.com/cloud-build/builds;region=us-central1/1b90b140-56c8-4f13-8527-0e124f1b5953?project=1083957835197"},{"name":"SERVICE","state":"NOT_STARTED"}],"operationType":"CREATE_FUNCTION","buildName":"projects/1083957835197/locations/us-central1/builds/1b90b140-56c8-4f13-8527-0e124f1b5953"},"done":false}
[debug] [2025-08-03T08:05:26.062Z] [create-default-us-central1-kakaoLogin] Retrying task index 0
[debug] [2025-08-03T08:05:26.063Z] Checked if tokens are valid: true, expires at: 1754209480614
[debug] [2025-08-03T08:05:26.063Z] Checked if tokens are valid: true, expires at: 1754209480614
[debug] [2025-08-03T08:05:26.063Z] >>> [apiv2][query] GET https://cloudfunctions.googleapis.com/v2/projects/tennis-diary-517c4/locations/us-central1/operations/operation-1754208259787-63b71702fcc2f-f0b9e939-e0b081d7 [none]
[debug] [2025-08-03T08:05:27.115Z] <<< [apiv2][status] GET https://cloudfunctions.googleapis.com/v2/projects/tennis-diary-517c4/locations/us-central1/operations/operation-1754208259787-63b71702fcc2f-f0b9e939-e0b081d7 200
[debug] [2025-08-03T08:05:27.115Z] <<< [apiv2][body] GET https://cloudfunctions.googleapis.com/v2/projects/tennis-diary-517c4/locations/us-central1/operations/operation-1754208259787-63b71702fcc2f-f0b9e939-e0b081d7 {"name":"projects/tennis-diary-517c4/locations/us-central1/operations/operation-1754208259787-63b71702fcc2f-f0b9e939-e0b081d7","metadata":{"@type":"type.googleapis.com/google.cloud.functions.v2.OperationMetadata","createTime":"2025-08-03T08:04:20.875785955Z","target":"projects/tennis-diary-517c4/locations/us-central1/functions/kakaoLogin","verb":"create","cancelRequested":false,"apiVersion":"v2","requestResource":{"@type":"type.googleapis.com/google.cloud.functions.v2.Function","name":"projects/tennis-diary-517c4/locations/us-central1/functions/kakaoLogin","buildConfig":{"runtime":"nodejs22","entryPoint":"kakaoLogin","source":{"storageSource":{"bucket":"gcf-v2-sources-1083957835197-us-central1","object":"kakaoLogin/function-source.zip","generation":"1754208260497139"}},"environmentVariables":{"GOOGLE_NODE_RUN_SCRIPTS":""},"serviceAccount":"projects/tennis-diary-517c4/serviceAccounts/1083957835197-compute@developer.gserviceaccount.com","automaticUpdatePolicy":{}},"serviceConfig":{"service":"projects/tennis-diary-517c4/locations/us-central1/services/kakaologin","timeoutSeconds":60,"environmentVariables":{"FIREBASE_CONFIG":"{\"projectId\":\"tennis-diary-517c4\",\"storageBucket\":\"tennis-diary-517c4.firebasestorage.app\"}","GCLOUD_PROJECT":"tennis-diary-517c4","EVENTARC_CLOUD_EVENT_SOURCE":"projects/tennis-diary-517c4/locations/us-central1/services/kakaoLogin","FUNCTION_TARGET":"kakaoLogin","LOG_EXECUTION_ID":"true"},"ingressSettings":"ALLOW_ALL","serviceAccountEmail":"1083957835197-compute@developer.gserviceaccount.com","availableMemory":"256Mi","maxInstanceRequestConcurrency":80,"availableCpu":"1"},"labels":{"deployment-tool":"cli-firebase","deployment-callable":"true","firebase-functions-hash":"2d4eeb60e9f2907ee2f3091e68190c2fc59ea514"},"environment":"GEN_2"},"stages":[{"name":"BUILD","message":"Build in progress","state":"IN_PROGRESS","resource":"projects/1083957835197/locations/us-central1/builds/1b90b140-56c8-4f13-8527-0e124f1b5953","resourceUri":"https://console.cloud.google.com/cloud-build/builds;region=us-central1/1b90b140-56c8-4f13-8527-0e124f1b5953?project=1083957835197"},{"name":"SERVICE","state":"NOT_STARTED"}],"operationType":"CREATE_FUNCTION","buildName":"projects/1083957835197/locations/us-central1/builds/1b90b140-56c8-4f13-8527-0e124f1b5953"},"done":false}
[debug] [2025-08-03T08:05:37.124Z] [create-default-us-central1-kakaoLogin] Retrying task index 0
[debug] [2025-08-03T08:05:37.125Z] Checked if tokens are valid: true, expires at: 1754209480614
[debug] [2025-08-03T08:05:37.125Z] Checked if tokens are valid: true, expires at: 1754209480614
[debug] [2025-08-03T08:05:37.125Z] >>> [apiv2][query] GET https://cloudfunctions.googleapis.com/v2/projects/tennis-diary-517c4/locations/us-central1/operations/operation-1754208259787-63b71702fcc2f-f0b9e939-e0b081d7 [none]
[debug] [2025-08-03T08:05:38.200Z] <<< [apiv2][status] GET https://cloudfunctions.googleapis.com/v2/projects/tennis-diary-517c4/locations/us-central1/operations/operation-1754208259787-63b71702fcc2f-f0b9e939-e0b081d7 200
[debug] [2025-08-03T08:05:38.200Z] <<< [apiv2][body] GET https://cloudfunctions.googleapis.com/v2/projects/tennis-diary-517c4/locations/us-central1/operations/operation-1754208259787-63b71702fcc2f-f0b9e939-e0b081d7 {"name":"projects/tennis-diary-517c4/locations/us-central1/operations/operation-1754208259787-63b71702fcc2f-f0b9e939-e0b081d7","metadata":{"@type":"type.googleapis.com/google.cloud.functions.v2.OperationMetadata","createTime":"2025-08-03T08:04:20.875785955Z","target":"projects/tennis-diary-517c4/locations/us-central1/functions/kakaoLogin","verb":"create","cancelRequested":false,"apiVersion":"v2","requestResource":{"@type":"type.googleapis.com/google.cloud.functions.v2.Function","name":"projects/tennis-diary-517c4/locations/us-central1/functions/kakaoLogin","buildConfig":{"runtime":"nodejs22","entryPoint":"kakaoLogin","source":{"storageSource":{"bucket":"gcf-v2-sources-1083957835197-us-central1","object":"kakaoLogin/function-source.zip","generation":"1754208260497139"}},"environmentVariables":{"GOOGLE_NODE_RUN_SCRIPTS":""},"serviceAccount":"projects/tennis-diary-517c4/serviceAccounts/1083957835197-compute@developer.gserviceaccount.com","automaticUpdatePolicy":{}},"serviceConfig":{"service":"projects/tennis-diary-517c4/locations/us-central1/services/kakaologin","timeoutSeconds":60,"environmentVariables":{"FIREBASE_CONFIG":"{\"projectId\":\"tennis-diary-517c4\",\"storageBucket\":\"tennis-diary-517c4.firebasestorage.app\"}","GCLOUD_PROJECT":"tennis-diary-517c4","EVENTARC_CLOUD_EVENT_SOURCE":"projects/tennis-diary-517c4/locations/us-central1/services/kakaoLogin","FUNCTION_TARGET":"kakaoLogin","LOG_EXECUTION_ID":"true"},"ingressSettings":"ALLOW_ALL","serviceAccountEmail":"1083957835197-compute@developer.gserviceaccount.com","availableMemory":"256Mi","maxInstanceRequestConcurrency":80,"availableCpu":"1"},"labels":{"deployment-tool":"cli-firebase","deployment-callable":"true","firebase-functions-hash":"2d4eeb60e9f2907ee2f3091e68190c2fc59ea514"},"environment":"GEN_2"},"stages":[{"name":"BUILD","message":"Build in progress","state":"IN_PROGRESS","resource":"projects/1083957835197/locations/us-central1/builds/1b90b140-56c8-4f13-8527-0e124f1b5953","resourceUri":"https://console.cloud.google.com/cloud-build/builds;region=us-central1/1b90b140-56c8-4f13-8527-0e124f1b5953?project=1083957835197"},{"name":"SERVICE","state":"NOT_STARTED"}],"operationType":"CREATE_FUNCTION","buildName":"projects/1083957835197/locations/us-central1/builds/1b90b140-56c8-4f13-8527-0e124f1b5953"},"done":false}
[debug] [2025-08-03T08:05:48.207Z] [create-default-us-central1-kakaoLogin] Retrying task index 0
[debug] [2025-08-03T08:05:48.207Z] Checked if tokens are valid: true, expires at: 1754209480614
[debug] [2025-08-03T08:05:48.207Z] Checked if tokens are valid: true, expires at: 1754209480614
[debug] [2025-08-03T08:05:48.208Z] >>> [apiv2][query] GET https://cloudfunctions.googleapis.com/v2/projects/tennis-diary-517c4/locations/us-central1/operations/operation-1754208259787-63b71702fcc2f-f0b9e939-e0b081d7 [none]
[debug] [2025-08-03T08:05:49.279Z] <<< [apiv2][status] GET https://cloudfunctions.googleapis.com/v2/projects/tennis-diary-517c4/locations/us-central1/operations/operation-1754208259787-63b71702fcc2f-f0b9e939-e0b081d7 200
[debug] [2025-08-03T08:05:49.279Z] <<< [apiv2][body] GET https://cloudfunctions.googleapis.com/v2/projects/tennis-diary-517c4/locations/us-central1/operations/operation-1754208259787-63b71702fcc2f-f0b9e939-e0b081d7 {"name":"projects/tennis-diary-517c4/locations/us-central1/operations/operation-1754208259787-63b71702fcc2f-f0b9e939-e0b081d7","metadata":{"@type":"type.googleapis.com/google.cloud.functions.v2.OperationMetadata","createTime":"2025-08-03T08:04:20.875785955Z","target":"projects/tennis-diary-517c4/locations/us-central1/functions/kakaoLogin","verb":"create","cancelRequested":false,"apiVersion":"v2","requestResource":{"@type":"type.googleapis.com/google.cloud.functions.v2.Function","name":"projects/tennis-diary-517c4/locations/us-central1/functions/kakaoLogin","buildConfig":{"runtime":"nodejs22","entryPoint":"kakaoLogin","source":{"storageSource":{"bucket":"gcf-v2-sources-1083957835197-us-central1","object":"kakaoLogin/function-source.zip","generation":"1754208260497139"}},"environmentVariables":{"GOOGLE_NODE_RUN_SCRIPTS":""},"serviceAccount":"projects/tennis-diary-517c4/serviceAccounts/1083957835197-compute@developer.gserviceaccount.com","automaticUpdatePolicy":{}},"serviceConfig":{"service":"projects/tennis-diary-517c4/locations/us-central1/services/kakaologin","timeoutSeconds":60,"environmentVariables":{"FIREBASE_CONFIG":"{\"projectId\":\"tennis-diary-517c4\",\"storageBucket\":\"tennis-diary-517c4.firebasestorage.app\"}","GCLOUD_PROJECT":"tennis-diary-517c4","EVENTARC_CLOUD_EVENT_SOURCE":"projects/tennis-diary-517c4/locations/us-central1/services/kakaoLogin","FUNCTION_TARGET":"kakaoLogin","LOG_EXECUTION_ID":"true"},"ingressSettings":"ALLOW_ALL","serviceAccountEmail":"1083957835197-compute@developer.gserviceaccount.com","availableMemory":"256Mi","maxInstanceRequestConcurrency":80,"availableCpu":"1"},"labels":{"deployment-tool":"cli-firebase","deployment-callable":"true","firebase-functions-hash":"2d4eeb60e9f2907ee2f3091e68190c2fc59ea514"},"environment":"GEN_2"},"stages":[{"name":"BUILD","message":"Build finished","state":"COMPLETE","resource":"projects/1083957835197/locations/us-central1/builds/1b90b140-56c8-4f13-8527-0e124f1b5953","resourceUri":"https://console.cloud.google.com/cloud-build/builds;region=us-central1/1b90b140-56c8-4f13-8527-0e124f1b5953?project=1083957835197"},{"name":"SERVICE","message":"Creating Cloud Run service","state":"IN_PROGRESS","resource":"projects/tennis-diary-517c4/locations/us-central1/services/kakaologin","resourceUri":"https://console.cloud.google.com/run/detail/us-central1/kakaologin?project=tennis-diary-517c4"}],"sourceToken":"Clhwcm9qZWN0cy8xMDgzOTU3ODM1MTk3L2xvY2F0aW9ucy91cy1jZW50cmFsMS9idWlsZHMvMWI5MGIxNDAtNTZjOC00ZjEzLTg1MjctMGUxMjRmMWI1OTUzEnV1cy1jZW50cmFsMS1kb2NrZXIucGtnLmRldi90ZW5uaXMtZGlhcnktNTE3YzQvZ2NmLWFydGlmYWN0cy90ZW5uaXMtLWRpYXJ5LS01MTdjNF9fdXMtLWNlbnRyYWwxX19rYWthb19sb2dpbjp2ZXJzaW9uXzEYveuvh8YfIkZwcm9qZWN0cy90ZW5uaXMtZGlhcnktNTE3YzQvbG9jYXRpb25zL3VzLWNlbnRyYWwxL2Z1bmN0aW9ucy9rYWthb0xvZ2luKgwI2LC8xAYQsI2G1gIyCG5vZGVqczIyOnYKI2djci5pby9nYWUtcnVudGltZXMvbm9kZWpzMjI6c3RhYmxlEk91cy1jZW50cmFsMS1kb2NrZXIucGtnLmRldi9zZXJ2ZXJsZXNzLXJ1bnRpbWVzL2dvb2dsZS0yMi1mdWxsL3J1bnRpbWVzL25vZGVqczIyQAE=","operationType":"CREATE_FUNCTION","buildName":"projects/1083957835197/locations/us-central1/builds/1b90b140-56c8-4f13-8527-0e124f1b5953"},"done":false}
[debug] [2025-08-03T08:05:49.279Z] Got source token Clhwcm9qZWN0cy8xMDgzOTU3ODM1MTk3L2xvY2F0aW9ucy91cy1jZW50cmFsMS9idWlsZHMvMWI5MGIxNDAtNTZjOC00ZjEzLTg1MjctMGUxMjRmMWI1OTUzEnV1cy1jZW50cmFsMS1kb2NrZXIucGtnLmRldi90ZW5uaXMtZGlhcnktNTE3YzQvZ2NmLWFydGlmYWN0cy90ZW5uaXMtLWRpYXJ5LS01MTdjNF9fdXMtLWNlbnRyYWwxX19rYWthb19sb2dpbjp2ZXJzaW9uXzEYveuvh8YfIkZwcm9qZWN0cy90ZW5uaXMtZGlhcnktNTE3YzQvbG9jYXRpb25zL3VzLWNlbnRyYWwxL2Z1bmN0aW9ucy9rYWthb0xvZ2luKgwI2LC8xAYQsI2G1gIyCG5vZGVqczIyOnYKI2djci5pby9nYWUtcnVudGltZXMvbm9kZWpzMjI6c3RhYmxlEk91cy1jZW50cmFsMS1kb2NrZXIucGtnLmRldi9zZXJ2ZXJsZXNzLXJ1bnRpbWVzL2dvb2dsZS0yMi1mdWxsL3J1bnRpbWVzL25vZGVqczIyQAE= for region us-central1
[debug] [2025-08-03T08:05:59.286Z] [create-default-us-central1-kakaoLogin] Retrying task index 0
[debug] [2025-08-03T08:05:59.286Z] Checked if tokens are valid: true, expires at: 1754209480614
[debug] [2025-08-03T08:05:59.286Z] Checked if tokens are valid: true, expires at: 1754209480614
[debug] [2025-08-03T08:05:59.286Z] >>> [apiv2][query] GET https://cloudfunctions.googleapis.com/v2/projects/tennis-diary-517c4/locations/us-central1/operations/operation-1754208259787-63b71702fcc2f-f0b9e939-e0b081d7 [none]
[debug] [2025-08-03T08:06:00.355Z] <<< [apiv2][status] GET https://cloudfunctions.googleapis.com/v2/projects/tennis-diary-517c4/locations/us-central1/operations/operation-1754208259787-63b71702fcc2f-f0b9e939-e0b081d7 200
[debug] [2025-08-03T08:06:00.355Z] <<< [apiv2][body] GET https://cloudfunctions.googleapis.com/v2/projects/tennis-diary-517c4/locations/us-central1/operations/operation-1754208259787-63b71702fcc2f-f0b9e939-e0b081d7 {"name":"projects/tennis-diary-517c4/locations/us-central1/operations/operation-1754208259787-63b71702fcc2f-f0b9e939-e0b081d7","metadata":{"@type":"type.googleapis.com/google.cloud.functions.v2.OperationMetadata","createTime":"2025-08-03T08:04:20.875785955Z","endTime":"2025-08-03T08:05:56.634047969Z","target":"projects/tennis-diary-517c4/locations/us-central1/functions/kakaoLogin","verb":"create","cancelRequested":false,"apiVersion":"v2","requestResource":{"@type":"type.googleapis.com/google.cloud.functions.v2.Function","name":"projects/tennis-diary-517c4/locations/us-central1/functions/kakaoLogin","buildConfig":{"runtime":"nodejs22","entryPoint":"kakaoLogin","source":{"storageSource":{"bucket":"gcf-v2-sources-1083957835197-us-central1","object":"kakaoLogin/function-source.zip","generation":"1754208260497139"}},"environmentVariables":{"GOOGLE_NODE_RUN_SCRIPTS":""},"serviceAccount":"projects/tennis-diary-517c4/serviceAccounts/1083957835197-compute@developer.gserviceaccount.com","automaticUpdatePolicy":{}},"serviceConfig":{"service":"projects/tennis-diary-517c4/locations/us-central1/services/kakaologin","timeoutSeconds":60,"environmentVariables":{"FIREBASE_CONFIG":"{\"projectId\":\"tennis-diary-517c4\",\"storageBucket\":\"tennis-diary-517c4.firebasestorage.app\"}","GCLOUD_PROJECT":"tennis-diary-517c4","EVENTARC_CLOUD_EVENT_SOURCE":"projects/tennis-diary-517c4/locations/us-central1/services/kakaoLogin","FUNCTION_TARGET":"kakaoLogin","LOG_EXECUTION_ID":"true"},"ingressSettings":"ALLOW_ALL","serviceAccountEmail":"1083957835197-compute@developer.gserviceaccount.com","availableMemory":"256Mi","maxInstanceRequestConcurrency":80,"availableCpu":"1"},"labels":{"deployment-tool":"cli-firebase","deployment-callable":"true","firebase-functions-hash":"2d4eeb60e9f2907ee2f3091e68190c2fc59ea514"},"environment":"GEN_2"},"stages":[{"name":"ARTIFACT_REGISTRY","message":"Deleting function artifacts in Artifact Registry","state":"COMPLETE"},{"name":"SERVICE","message":"Deleting Cloud Run service","state":"COMPLETE","resource":"projects/tennis-diary-517c4/locations/us-central1/services/kakaologin"}],"operationType":"CREATE_FUNCTION"},"done":true,"error":{"code":3,"message":"Could not create or update Cloud Run service kakaologin, Container Healthcheck failed. Revision 'kakaologin-00001-zup' is not ready and cannot serve traffic. The user-provided container failed to start and listen on the port defined provided by the PORT=8080 environment variable within the allocated timeout. This can happen when the container port is misconfigured or if the timeout is too short. The health check timeout can be extended. Logs for this revision might contain more information.\n\nLogs URL: https://console.cloud.google.com/logs/viewer?project=tennis-diary-517c4&resource=cloud_run_revision/service_name/kakaologin/revision_name/kakaologin-00001-zup&advancedFilter=resource.type%3D%22cloud_run_revision%22%0Aresource.labels.service_name%3D%22kakaologin%22%0Aresource.labels.revision_name%3D%22kakaologin-00001-zup%22 \nFor more troubleshooting guidance, see https://cloud.google.com/run/docs/troubleshooting#container-failed-to-start"}}
[debug] [2025-08-03T08:06:00.355Z] Got source token undefined for region us-central1
[error] Could not create or update Cloud Run service kakaologin, Container Healthcheck failed. Revision 'kakaologin-00001-zup' is not ready and cannot serve traffic. The user-provided container failed to start and listen on the port defined provided by the PORT=8080 environment variable within the allocated timeout. This can happen when the container port is misconfigured or if the timeout is too short. The health check timeout can be extended. Logs for this revision might contain more information.

Logs URL: https://console.cloud.google.com/logs/viewer?project=tennis-diary-517c4&resource=cloud_run_revision/service_name/kakaologin/revision_name/kakaologin-00001-zup&advancedFilter=resource.type%3D%22cloud_run_revision%22%0Aresource.labels.service_name%3D%22kakaologin%22%0Aresource.labels.revision_name%3D%22kakaologin-00001-zup%22 
For more troubleshooting guidance, see https://cloud.google.com/run/docs/troubleshooting#container-failed-to-start
[debug] [2025-08-03T08:06:00.382Z] Total Function Deployment time: 101400
[debug] [2025-08-03T08:06:00.382Z] 1 Functions Deployed
[debug] [2025-08-03T08:06:00.383Z] 1 Functions Errored
[debug] [2025-08-03T08:06:00.383Z] 0 Function Deployments Aborted
[debug] [2025-08-03T08:06:00.383Z] Average Function Deployment time: 101398
[info] 
[info] Functions deploy had errors with the following functions:
	kakaoLogin(us-central1)
[debug] [2025-08-03T08:06:00.585Z] Checked if tokens are valid: true, expires at: 1754209480614
[debug] [2025-08-03T08:06:00.585Z] Checked if tokens are valid: true, expires at: 1754209480614
[debug] [2025-08-03T08:06:00.586Z] >>> [apiv2][query] GET https://artifactregistry.googleapis.com/v1/projects/tennis-diary-517c4/locations/us-central1/repositories/gcf-artifacts [none]
[debug] [2025-08-03T08:06:01.690Z] <<< [apiv2][status] GET https://artifactregistry.googleapis.com/v1/projects/tennis-diary-517c4/locations/us-central1/repositories/gcf-artifacts 200
[debug] [2025-08-03T08:06:01.690Z] <<< [apiv2][body] GET https://artifactregistry.googleapis.com/v1/projects/tennis-diary-517c4/locations/us-central1/repositories/gcf-artifacts {"name":"projects/tennis-diary-517c4/locations/us-central1/repositories/gcf-artifacts","format":"DOCKER","description":"This repository is created and used by Cloud Functions for storing function docker images.","labels":{"goog-managed-by":"cloudfunctions"},"createTime":"2025-08-03T08:04:29.460619Z","updateTime":"2025-08-03T08:05:56.495461Z","mode":"STANDARD_REPOSITORY","sizeBytes":"97337710","vulnerabilityScanningConfig":{"lastEnableTime":"2025-08-03T08:04:21.053197071Z","enablementState":"SCANNING_DISABLED","enablementStateReason":"API containerscanning.googleapis.com is not enabled."},"satisfiesPzi":true,"registryUri":"us-central1-docker.pkg.dev/tennis-diary-517c4/gcf-artifacts"}
[warn] !  functions: No cleanup policy detected for repositories in us-central1. This may result in a small monthly bill as container images accumulate over time. 
[info] i  functions: Configuring cleanup policy for repository in us-central1. Images older than 1 days will be automatically deleted. 
[debug] [2025-08-03T08:08:55.644Z] Setting up artifact cleanup policy for region us-central1
[debug] [2025-08-03T08:08:55.645Z] Checked if tokens are valid: true, expires at: 1754209480614
[debug] [2025-08-03T08:08:55.646Z] Checked if tokens are valid: true, expires at: 1754209480614
[debug] [2025-08-03T08:08:55.646Z] >>> [apiv2][query] PATCH https://artifactregistry.googleapis.com/v1/projects/tennis-diary-517c4/locations/us-central1/repositories/gcf-artifacts updateMask=name%2CcleanupPolicies%2CcleanupPolicyDryRun%2Clabels
[debug] [2025-08-03T08:08:55.646Z] >>> [apiv2][body] PATCH https://artifactregistry.googleapis.com/v1/projects/tennis-diary-517c4/locations/us-central1/repositories/gcf-artifacts {"name":"projects/tennis-diary-517c4/locations/us-central1/repositories/gcf-artifacts","cleanupPolicies":{"firebase-functions-cleanup":{"id":"firebase-functions-cleanup","condition":{"tagState":"ANY","olderThan":"86400s"},"action":"DELETE"}},"cleanupPolicyDryRun":false,"labels":{"goog-managed-by":"cloudfunctions"}}
[debug] [2025-08-03T08:08:56.784Z] <<< [apiv2][status] PATCH https://artifactregistry.googleapis.com/v1/projects/tennis-diary-517c4/locations/us-central1/repositories/gcf-artifacts 200
[debug] [2025-08-03T08:08:56.784Z] <<< [apiv2][body] PATCH https://artifactregistry.googleapis.com/v1/projects/tennis-diary-517c4/locations/us-central1/repositories/gcf-artifacts {"name":"projects/tennis-diary-517c4/locations/us-central1/repositories/gcf-artifacts","format":"DOCKER","description":"This repository is created and used by Cloud Functions for storing function docker images.","labels":{"goog-managed-by":"cloudfunctions"},"createTime":"2025-08-03T08:04:29.460619Z","updateTime":"2025-08-03T08:08:56.555416Z","mode":"STANDARD_REPOSITORY","cleanupPolicies":{"firebase-functions-cleanup":{"id":"firebase-functions-cleanup","action":"DELETE","condition":{"tagState":"ANY","olderThan":"86400s"}}},"vulnerabilityScanningConfig":{"lastEnableTime":"2025-08-03T08:04:21.053197071Z","enablementState":"SCANNING_DISABLED","enablementStateReason":"API containerscanning.googleapis.com is not enabled."},"satisfiesPzi":true}
[info] i  functions: Configured cleanup policy for repository in us-central1. 
[debug] [2025-08-03T08:08:56.785Z] Functions deploy failed.
[debug] [2025-08-03T08:08:56.785Z] {
  "endpoint": {
    "id": "kakaoLogin",
    "project": "tennis-diary-517c4",
    "region": "us-central1",
    "entryPoint": "kakaoLogin",
    "platform": "gcfv2",
    "runtime": "nodejs22",
    "callableTrigger": {},
    "labels": {
      "deployment-tool": "cli-firebase"
    },
    "serviceAccount": null,
    "ingressSettings": null,
    "availableMemoryMb": null,
    "timeoutSeconds": null,
    "maxInstances": null,
    "minInstances": null,
    "concurrency": 80,
    "vpc": null,
    "environmentVariables": {
      "FIREBASE_CONFIG": "{\"projectId\":\"tennis-diary-517c4\",\"storageBucket\":\"tennis-diary-517c4.firebasestorage.app\"}",
      "GCLOUD_PROJECT": "tennis-diary-517c4",
      "EVENTARC_CLOUD_EVENT_SOURCE": "projects/tennis-diary-517c4/locations/us-central1/services/kakaoLogin"
    },
    "codebase": "default",
    "cpu": 1,
    "targetedByOnly": false,
    "hash": "2d4eeb60e9f2907ee2f3091e68190c2fc59ea514"
  },
  "op": "create",
  "original": {
    "name": "FirebaseError",
    "children": [],
    "exit": 1,
    "message": "Could not create or update Cloud Run service kakaologin, Container Healthcheck failed. Revision 'kakaologin-00001-zup' is not ready and cannot serve traffic. The user-provided container failed to start and listen on the port defined provided by the PORT=8080 environment variable within the allocated timeout. This can happen when the container port is misconfigured or if the timeout is too short. The health check timeout can be extended. Logs for this revision might contain more information.\n\nLogs URL: https://console.cloud.google.com/logs/viewer?project=tennis-diary-517c4&resource=cloud_run_revision/service_name/kakaologin/revision_name/kakaologin-00001-zup&advancedFilter=resource.type%3D%22cloud_run_revision%22%0Aresource.labels.service_name%3D%22kakaologin%22%0Aresource.labels.revision_name%3D%22kakaologin-00001-zup%22 \nFor more troubleshooting guidance, see https://cloud.google.com/run/docs/troubleshooting#container-failed-to-start",
    "original": {
      "code": 3,
      "message": "Could not create or update Cloud Run service kakaologin, Container Healthcheck failed. Revision 'kakaologin-00001-zup' is not ready and cannot serve traffic. The user-provided container failed to start and listen on the port defined provided by the PORT=8080 environment variable within the allocated timeout. This can happen when the container port is misconfigured or if the timeout is too short. The health check timeout can be extended. Logs for this revision might contain more information.\n\nLogs URL: https://console.cloud.google.com/logs/viewer?project=tennis-diary-517c4&resource=cloud_run_revision/service_name/kakaologin/revision_name/kakaologin-00001-zup&advancedFilter=resource.type%3D%22cloud_run_revision%22%0Aresource.labels.service_name%3D%22kakaologin%22%0Aresource.labels.revision_name%3D%22kakaologin-00001-zup%22 \nFor more troubleshooting guidance, see https://cloud.google.com/run/docs/troubleshooting#container-failed-to-start"
    },
    "status": 3,
    "code": 3
  }
}
[debug] [2025-08-03T08:08:57.079Z] Error: Failed to create function kakaoLogin in region us-central1
    at C:\Users\ckkim\AppData\Roaming\npm\node_modules\firebase-tools\lib\deploy\functions\release\fabricator.js:294:27
    at process.processTicksAndRejections (node:internal/process/task_queues:105:5)
    at async Fabricator.createV2Function (C:\Users\ckkim\AppData\Roaming\npm\node_modules\firebase-tools\lib\deploy\functions\release\fabricator.js:278:30)
    at async Fabricator.createEndpoint (C:\Users\ckkim\AppData\Roaming\npm\node_modules\firebase-tools\lib\deploy\functions\release\fabricator.js:137:13)
    at async handle (C:\Users\ckkim\AppData\Roaming\npm\node_modules\firebase-tools\lib\deploy\functions\release\fabricator.js:89:17)
[error] 
[error] Error: There was an error deploying functions
